OS SYSTEM:    Windows
CPU CORES:    4
CHROME PATH:     webdriver\chrome\Windows\v116_0_5845_96\chromedriver.exe
protinves 1 020000
6
OS SYSTEM:    Windows
CPU CORES:    4
CHROME PATH:     webdriver\chrome\Windows\v116_0_5845_96\chromedriver.exe
protinves 1 020000
6
OS SYSTEM:    Windows
CPU CORES:    4
CHROME PATH:     webdriver\chrome\Windows\v116_0_5845_96\chromedriver.exe
protinves 1 020000
                    nama  kode_wilayah  ...  total_pd_perempuan  total_pd
0     Kota Jakarta Timur         16400  ...              248232    513695
1     Kota Jakarta Barat         16200  ...              175333    362798
2   Kota Jakarta Selatan         16300  ...              174695    357586
3     Kota Jakarta Utara         16100  ...              128157    265432
4     Kota Jakarta Pusat         16000  ...               85833    175229
5  Kab. Kepulauan Seribu         10100  ...                2779      5868

[6 rows x 44 columns]
OS SYSTEM:    Windows
CPU CORES:    4
CHROME PATH:     webdriver\chrome\Windows\v116_0_5845_96\chromedriver.exe
protinves 1 020000
                    nama  kode_wilayah  ...  total_pd_perempuan  total_pd
0     Kota Jakarta Timur         16400  ...              247503    511160
1     Kota Jakarta Barat         16200  ...              175824    362976
2   Kota Jakarta Selatan         16300  ...              173723    355500
3     Kota Jakarta Utara         16100  ...              127549    263575
4     Kota Jakarta Pusat         16000  ...               85276    173705
5  Kab. Kepulauan Seribu         10100  ...                2843      6020

[6 rows x 44 columns]
OS SYSTEM:    Windows
CPU CORES:    4
CHROME PATH:     webdriver\chrome\Windows\v116_0_5845_96\chromedriver.exe
010000
                    nama  kode_wilayah  ...  total_pd_perempuan  total_pd
0     Kota Jakarta Timur         16400  ...              247503    511160
1     Kota Jakarta Barat         16200  ...              175824    362976
2   Kota Jakarta Selatan         16300  ...              173723    355500
3     Kota Jakarta Utara         16100  ...              127549    263575
4     Kota Jakarta Pusat         16000  ...               85276    173705
5  Kab. Kepulauan Seribu         10100  ...                2843      6020

[6 rows x 44 columns]
OS SYSTEM:    Windows
CPU CORES:    4
CHROME PATH:     webdriver\chrome\Windows\v116_0_5845_96\chromedriver.exe
020000
                  nama  kode_wilayah  ...  total_pd_perempuan  total_pd
0           Kab. Bogor         20500  ...              555790   1167355
1         Kab. Bandung         20800  ...              345977    708910
2          Kab. Bekasi         22200  ...              323634    667230
3           Kab. Garut         21100  ...              301886    622557
4         Kab. Cianjur         20700  ...              278659    578578
5        Kab. Sukabumi         20600  ...              247450    512100
6        Kab. Karawang         22100  ...              239378    496043
7         Kota Bandung         26000  ...              235533    484185
8          Kota Bekasi         26500  ...              233650    484172
9         Kab. Cirebon         21700  ...              198525    415016
10          Kota Depok         26600  ...              173804    360294
11      Kab. Indramayu         21800  ...              171957    354691
12    Kab. Tasikmalaya         21200  ...              163917    340100
13  Kab. Bandung Barat         22300  ...              158030    326787
14         Kab. Subang         21900  ...              151483    314890
15     Kab. Majalengka         21600  ...              114608    239419
16       Kab. Kuningan         21500  ...              114303    237945
17       Kab. Sumedang         21000  ...              110375    228850
18          Kota Bogor         26100  ...              107685    225091
19         Kab. Ciamis         21400  ...               97930    201701
20     Kab. Purwakarta         22000  ...               95954    199410
21    Kota Tasikmalaya         26800  ...               70155    144153
22         Kota Cimahi         26700  ...               53548    110204
23        Kota Cirebon         26300  ...               42179     86620
24       Kota Sukabumi         26200  ...               38078     78821
25    Kab. Pangandaran         22500  ...               33624     70120
26         Kota Banjar         26900  ...               20895     42949

[27 rows x 44 columns]
OS SYSTEM:    Windows
CPU CORES:    4
CHROME PATH:     webdriver\chrome\Windows\v116_0_5845_96\chromedriver.exe
                    nama  kode_wilayah  ...  total_pd_perempuan  total_pd
0     Kota Jakarta Timur         16400  ...              247503    511160
1     Kota Jakarta Barat         16200  ...              175824    362976
2   Kota Jakarta Selatan         16300  ...              173723    355500
3     Kota Jakarta Utara         16100  ...              127549    263575
4     Kota Jakarta Pusat         16000  ...               85276    173705
5  Kab. Kepulauan Seribu         10100  ...                2843      6020

[6 rows x 44 columns]
kode_wilayah_kabupaten:  6
get kab/kota done in: 0.3592672348022461 seconds
OS SYSTEM:    Windows
CPU CORES:    4
CHROME PATH:     webdriver\chrome\Windows\v116_0_5845_96\chromedriver.exe
                    nama  kode_wilayah  ...  total_pd_perempuan  total_pd
0     Kota Jakarta Timur         16400  ...              247503    511160
1     Kota Jakarta Barat         16200  ...              175824    362976
2   Kota Jakarta Selatan         16300  ...              173723    355500
3     Kota Jakarta Utara         16100  ...              127549    263575
4     Kota Jakarta Pusat         16000  ...               85276    173705
5  Kab. Kepulauan Seribu         10100  ...                2843      6020

[6 rows x 44 columns]
                  nama  kode_wilayah  ...  total_pd_perempuan  total_pd
0           Kab. Bogor         20500  ...              555790   1167355
1         Kab. Bandung         20800  ...              345977    708910
2          Kab. Bekasi         22200  ...              323634    667230
3           Kab. Garut         21100  ...              301886    622557
4         Kab. Cianjur         20700  ...              278659    578578
5        Kab. Sukabumi         20600  ...              247450    512100
6        Kab. Karawang         22100  ...              239378    496043
7         Kota Bandung         26000  ...              235533    484185
8          Kota Bekasi         26500  ...              233650    484172
9         Kab. Cirebon         21700  ...              198525    415016
10          Kota Depok         26600  ...              173804    360294
11      Kab. Indramayu         21800  ...              171957    354691
12    Kab. Tasikmalaya         21200  ...              163917    340100
13  Kab. Bandung Barat         22300  ...              158030    326787
14         Kab. Subang         21900  ...              151483    314890
15     Kab. Majalengka         21600  ...              114608    239419
16       Kab. Kuningan         21500  ...              114303    237945
17       Kab. Sumedang         21000  ...              110375    228850
18          Kota Bogor         26100  ...              107685    225091
19         Kab. Ciamis         21400  ...               97930    201701
20     Kab. Purwakarta         22000  ...               95954    199410
21    Kota Tasikmalaya         26800  ...               70155    144153
22         Kota Cimahi         26700  ...               53548    110204
23        Kota Cirebon         26300  ...               42179     86620
24       Kota Sukabumi         26200  ...               38078     78821
25    Kab. Pangandaran         22500  ...               33624     70120
26         Kota Banjar         26900  ...               20895     42949

[27 rows x 44 columns]
                 nama  kode_wilayah  ...  total_pd_perempuan  total_pd
0         Kab. Brebes         32900  ...              156008    319742
1        Kab. Cilacap         30100  ...              150953    314177
2       Kota Semarang         36300  ...              151068    311610
3       Kab. Banyumas         30200  ...              147953    306718
4          Kab. Tegal         32800  ...              132629    272990
5       Kab. Pemalang         32700  ...              129069    266210
6       Kab. Grobogan         31500  ...              116474    242005
7        Kab. Kebumen         30500  ...              110244    230630
8         Kab. Klaten         31000  ...              100744    208617
9          Kab. Demak         32100  ...               93897    196392
10        Kab. Kendal         32400  ...               93345    195265
11        Kab. Jepara         32000  ...               93691    194153
12          Kab. Pati         31800  ...               90795    191825
13      Kab. Magelang         30800  ...               88583    185654
14      Kab. Semarang         32200  ...               83293    173294
15        Kab. Sragen         31400  ...               81448    170429
16    Kab. Pekalongan         32600  ...               81599    169198
17      Kab. Boyolali         30900  ...               78554    162642
18  Kab. Banjarnegara         30400  ...               76293    158575
19   Kab. Purbalingga         30300  ...               76699    157275
20      Kab. Wonogiri         31200  ...               76147    156747
21   Kab. Karanganyar         31300  ...               74994    156681
22         Kab. Blora         31600  ...               73273    151940
23      Kab. Wonosobo         30700  ...               73247    150324
24     Kota Surakarta         36100  ...               72495    147463
25     Kab. Sukoharjo         31100  ...               67249    140564
26        Kab. Batang         32500  ...               64969    135012
27     Kab. Purworejo         30600  ...               64228    133338
28         Kab. Kudus         31900  ...               62235    129199
29    Kab. Temanggung         32300  ...               59617    124563
30       Kab. Rembang         31700  ...               55405    118340
31         Kota Tegal         36500  ...               29882     60922
32    Kota Pekalongan         36400  ...               27429     55725
33      Kota Salatiga         36200  ...               22968     47806
34      Kota Magelang         36000  ...               21344     42449

[35 rows x 44 columns]
                nama  kode_wilayah  ...  total_pd_perempuan  total_pd
0        Kab. Sleman         40200  ...              101532    210325
1        Kab. Bantul         40100  ...               85619    178256
2  Kab. Gunung Kidul         40300  ...               60444    125810
3    Kota Yogyakarta         46000  ...               53236    108279
4   Kab. Kulon Progo         40400  ...               38610     81769

[5 rows x 44 columns]
                nama  kode_wilayah  ...  total_pd_perempuan  total_pd
0      Kota Surabaya         56000  ...              265568    546188
1        Kab. Malang         51800  ...              207127    426114
2        Kab. Jember         52400  ...              184092    380653
3      Kab. Sidoarjo         50200  ...              175320    366293
4    Kab. Banyuwangi         52500  ...              137662    287951
5      Kab. Pasuruan         51900  ...              118891    256550
6        Kab. Kediri         51300  ...              118522    249778
7        Kab. Gresik         50100  ...              100026    211249
8       Kab. Jombang         50400  ...               95669    203202
9     Kab. Bangkalan         52900  ...               95004    199270
10   Kab. Bojonegoro         50500  ...               92521    193983
11       Kota Malang         56100  ...               90929    188183
12     Kab. Lamongan         50700  ...               86686    183108
13    Kab. Mojokerto         50300  ...               85254    177802
14      Kab. Nganjuk         51400  ...               85544    177540
15  Kab. Tulungagung         51600  ...               83849    175253
16        Kab. Tuban         50600  ...               82899    175063
17  Kab. Probolinggo         52000  ...               82067    173624
18      Kab. Sampang         52700  ...               82592    171643
19     Kab. Lumajang         52100  ...               78859    163012
20       Kab. Blitar         51500  ...               75624    157664
21    Kab. Pamekasan         52600  ...               65709    142087
22    Kab. Bondowoso         52200  ...               65988    138217
23      Kab. Sumenep         52800  ...               60784    127402
24     Kab. Ponorogo         51100  ...               58295    122274
25        Kab. Ngawi         50900  ...               56620    120228
26    Kab. Situbondo         52300  ...               56406    115824
27   Kab. Trenggalek         51700  ...               49305    102896
28       Kab. Madiun         50800  ...               45447     96672
29      Kab. Magetan         51000  ...               44503     93274
30      Kab. Pacitan         51200  ...               40043     82659
31       Kota Kediri         56300  ...               38005     78506
32  Kota Probolinggo         56700  ...               23101     48689
33     Kota Pasuruan         56600  ...               22020     47198
34       Kota Madiun         56200  ...               21719     44208
35       Kota Blitar         56500  ...               21175     43774
36         Kota Batu         56800  ...               19961     41214
37    Kota Mojokerto         56400  ...               16883     35966

[38 rows x 44 columns]
                    nama  kode_wilayah  ...  total_pd_perempuan  total_pd
0        Kab. Aceh Utara         60300  ...               62787    131937
1        Kab. Aceh Timur         60400  ...               44376     92388
2           Kab. Bireuen         61200  ...               40673     85645
3        Kab. Aceh Besar         60100  ...               33165     70733
4             Kab. Pidie         60200  ...               33747     70369
5        Kota Banda Aceh         66100  ...               30225     62586
6      Kab. Aceh Tamiang         61400  ...               29484     61032
7     Kab. Aceh Tenggara         60800  ...               27063     56603
8      Kab. Aceh Selatan         60700  ...               23400     49097
9       Kab. Aceh Tengah         60500  ...               19340     40272
10      Kota Lhokseumawe         66200  ...               19680     40017
11       Kab. Aceh Barat         60600  ...               17519     37477
12           Kota Langsa         66300  ...               17249     36327
13     Kab. Bener Meriah         61900  ...               17219     35880
14     Kab. Aceh Singkil         61300  ...               16701     34959
15       Kab. Nagan Raya         61500  ...               16325     34303
16  Kab. Aceh Barat Daya         61700  ...               14822     30797
17     Kota Subulussalam         66400  ...               13992     29307
18       Kab. Pidie Jaya         62000  ...               13307     27839
19        Kab. Aceh Jaya         61600  ...               11541     24370
20         Kab. Simeulue         61100  ...               10487     22068
21        Kab. Gayo Lues         61800  ...               10392     21616
22           Kota Sabang         66000  ...                4127      8734

[23 rows x 44 columns]
                         nama  kode_wilayah  ...  total_pd_perempuan  total_pd
0                  Kota Medan         76000  ...              230398    470933
1           Kab. Deli Serdang         70100  ...              193846    406275
2                Kab. Langkat         70200  ...               95135    197543
3             Kab. Simalungun         70400  ...               84344    174123
4                 Kab. Asahan         70600  ...               66557    137452
5        Kab. Serdang Bedagai         72100  ...               64359    132549
6       Kab. Mandailing Natal         71500  ...               50440    104837
7           Kab. Labuhan Batu         70700  ...               48802    100211
8         Kab. Tapanuli Utara         70800  ...               44303     91369
9           Kab. Nias Selatan         71700  ...               43268     89845
10              Kab. Batubara         72200  ...               43057     88635
11                  Kab. Karo         70300  ...               42474     87149
12                 Kab. Dairi         70500  ...               38595     79893
13       Kab. Tapanuli Tengah         70900  ...               37728     78351
14       Kota Pematangsiantar         76300  ...               36187     73544
15    Kab. Labuhan Batu Utara         72500  ...               35318     73327
16                Kota Binjai         76100  ...               33258     69691
17      Kab. Tapanuli Selatan         71000  ...               31190     65032
18  Kab. Labuhan Batu Selatan         72600  ...               30522     63277
19     Kab. Humbang Hasudutan         71900  ...               29171     60511
20                  Kab. Toba         71600  ...               28008     58117
21          Kab. Padang Lawas         72400  ...               26766     57369
22    Kab. Padang Lawas utara         72300  ...               24777     52561
23      Kota Padang Sidimpuan         76600  ...               23828     49412
24         Kota Tebing Tinggi         76200  ...               22027     44977
25                  Kab. Nias         71100  ...               20629     42968
26          Kota Gunungsitoli         76700  ...               19956     41756
27            Kab. Nias Utara         72800  ...               19057     40061
28               Kab. Samosir         72000  ...               18904     38871
29         Kota Tanjung Balai         76400  ...               16849     34099
30            Kab. Nias Barat         72700  ...               12640     26021
31               Kota Sibolga         76500  ...               12215     24823
32         Kab. Pakpak Bharat         71800  ...                6676     13914

[33 rows x 44 columns]
                       nama  kode_wilayah  ...  total_pd_perempuan  total_pd
0               Kota Padang         86100  ...               91234    191600
1      Kab. Pesisir Selatan         80600  ...               54340    115037
2        Kab. Pasaman Barat         81300  ...               46811     97404
3                 Kab. Agam         80100  ...               45951     95524
4      Kab. Padang Pariaman         80500  ...               41225     85512
5                Kab. Solok         80400  ...               40322     83738
6      Kab. Lima Puluh Koto         80300  ...               34977     74856
7              Kab. Pasaman         80200  ...               34037     70990
8          Kab. Tanah Datar         80700  ...               32121     67205
9            Kab. Sijunjung         80800  ...               28074     57861
10         Kab. Dharmasraya         81200  ...               26233     53497
11          Kota Payakumbuh         86500  ...               21291     43923
12         Kota Bukittinggi         86000  ...               18958     39622
13       Kab. Solok Selatan         81100  ...               17107     35896
14            Kota Pariaman         86600  ...               12734     27432
15  Kab. Kepulauan Mentawai         81000  ...               12128     25435
16               Kota Solok         86400  ...               11307     23153
17      Kota Padang Panjang         86200  ...                8677     17745
18         Kota Sawah Lunto         86300  ...                6668     14028

[19 rows x 44 columns]
                      nama  kode_wilayah  ...  total_pd_perempuan  total_pd
0           Kota Pekanbaru         96000  ...              118059    245859
1              Kab. Kampar         90100  ...               91216    189017
2         Kab. Rokan Hilir         91000  ...               72736    149717
3           Kab. Bengkalis         90200  ...               71156    146590
4          Kab. Rokan Hulu         90900  ...               66700    137275
5     Kab. Indragiri Hilir         90500  ...               57064    117589
6                Kab. Siak         91100  ...               54344    112902
7      Kab. Indragiri Hulu         90400  ...               51040    105441
8           Kab. Pelalawan         90800  ...               48644    100995
9               Kota Dumai         96200  ...               35645     74324
10   Kab. Kuantan Singingi         91400  ...               35045     72834
11  Kab. Kepulauan Meranti         91500  ...               19171     39434

[12 rows x 44 columns]
                         nama  kode_wilayah  ...  total_pd_perempuan  total_pd
0                  Kota Jambi        106000  ...               64010    131531
1               Kab. Merangin        100900  ...               38900     81201
2            Kab. Muaro Jambi        100700  ...               37588     77721
3                  Kab. Bungo        100200  ...               35589     73735
4                   Kab. Tebo        100600  ...               34582     72438
5             Kab. Sarolangun        100300  ...               34613     71424
6            Kab. Batang Hari        100100  ...               32731     67698
7   Kab. Tanjung Jabung Barat        100400  ...               31128     64575
8                Kab. Kerinci        100500  ...               24724     51331
9   Kab. Tanjung Jabung Timur        100800  ...               22186     45399
10          Kota Sungai Penuh        106100  ...               11328     23607

[11 rows x 44 columns]
                               nama  kode_wilayah  ...  total_pd_perempuan  total_pd
0                    Kota Palembang        116000  ...              169999    348726
1                    Kab. Banyuasin        110700  ...               85779    178539
2           Kab. Ogan Komering Ilir        110200  ...               80434    164603
3               Kab. Musi Banyuasin        110100  ...               79217    163803
4                   Kab. Muara Enim        110400  ...               64031    133234
5      Kab. Ogan Komering Ulu Timur        110800  ...               62557    129666
6                    Kab. Ogan Ilir        111000  ...               44617     92902
7                        Kab. Lahat        110500  ...               41958     88280
8                   Kab. Musi Rawas        110600  ...               39978     82536
9            Kab. Ogan Komering Ulu        110300  ...               37433     77548
10   Kab. Ogan Komering Ulu Selatan        110900  ...               34099     70609
11               Kota Lubuk Linggau        116200  ...               26601     55358
12  Kab. Penukal Abab Lematang Ilir        111200  ...               25702     54569
13                Kab. Empat Lawang        111100  ...               23453     48344
14                  Kota Prabumulih        116100  ...               22994     47998
15            Kab. Musi Rawas Utara        111300  ...               20540     42883
16                  Kota Pagar Alam        116300  ...               15196     31479

[17 rows x 44 columns]
                        nama  kode_wilayah  ...  total_pd_perempuan  total_pd
0        Kab. Lampung Tengah        120200  ...              121396    251143
1        Kota Bandar Lampung        126000  ...              105439    216262
2       Kab. Lampung Selatan        120100  ...              100068    208930
3         Kab. Lampung Timur        120700  ...               94189    195300
4         Kab. Lampung Utara        120300  ...               58306    120711
5             Kab. Tanggamus        120600  ...               54697    114736
6             Kab. Way Kanan        120800  ...               47777     99578
7             Kab. Pringsewu        121000  ...               43116     89409
8         Kab. Tulang Bawang        120500  ...               42690     88782
9             Kab. Pesawaran        120900  ...               40470     84649
10  Kab. Tulang Bawang Barat        121200  ...               29326     60935
11        Kab. Lampung Barat        120400  ...               27049     55856
12                Kota Metro        126100  ...               26236     53685
13               Kab. Mesuji        121100  ...               23142     48402
14        Kab. Pesisir Barat        121300  ...               16493     34461

[15 rows x 44 columns]
                 nama  kode_wilayah  ...  total_pd_perempuan  total_pd
0      Kota Pontianak        136000  ...               65657    134387
1         Kab. Sambas        130100  ...               64144    130956
2       Kab. Ketapang        130600  ...               56118    117148
3       Kab. Kuburaya        131300  ...               55480    114810
4        Kab. Sintang        130400  ...               47862     99309
5        Kab. Sanggau        130300  ...               47106     97518
6         Kab. Landak        130900  ...               42347     87871
7     Kab. Bengkayang        130800  ...               30786     63503
8    Kab. Kapuas Hulu        130500  ...               27553     56494
9     Kota Singkawang        136100  ...               25562     52301
10      Kab. Mempawah        130200  ...               25184     52239
11       Kab. Sekadau        131000  ...               23462     48183
12        Kab. Melawi        131100  ...               22903     47512
13  Kab. Kayong Utara        131200  ...               12932     26612

[14 rows x 44 columns]
                       nama  kode_wilayah  ...  total_pd_perempuan  total_pd
0   Kab. Kotawaringin Timur        140400  ...               49983    104600
1               Kab. Kapuas        140100  ...               34295     71914
2   Kab. Kotawaringin Barat        140500  ...               31417     65076
3        Kota Palangka Raya        146000  ...               28629     59620
4             Kab. Katingan        140600  ...               19221     39681
5              Kab. Seruyan        140700  ...               19146     39517
6           Kab. Gunung Mas        141000  ...               15702     32404
7         Kab. Barito Utara        140300  ...               14912     31047
8          Kab. Murung Raya        141200  ...               14736     30530
9         Kab. Pulang Pisau        141100  ...               13627     28578
10      Kab. Barito Selatan        140200  ...               11726     24638
11        Kab. Barito Timur        141300  ...               10855     22900
12            Kab. Lamandau        140900  ...               10837     22623
13            Kab. Sukamara        140800  ...                6776     14058

[14 rows x 44 columns]
                        nama  kode_wilayah  ...  total_pd_perempuan  total_pd
0           Kota Banjarmasin        156000  ...               58103    120114
1                Kab. Banjar        150100  ...               44551     92525
2           Kab. Tanah Bumbu        151100  ...               37407     78237
3              Kab. Kotabaru        150900  ...               32847     68265
4            Kab. Tanah Laut        150200  ...               32374     67135
5            Kota Banjarbaru        156100  ...               28509     60011
6          Kab. Barito Kuala        150300  ...               27924     57759
7              Kab. Tabalong        150800  ...               24714     52251
8    Kab. Hulu Sungai Tengah        150600  ...               19324     41043
9   Kab. Hulu Sungai Selatan        150500  ...               18571     39968
10                Kab. Tapin        150400  ...               17602     37932
11    Kab. Hulu Sungai Utara        150700  ...               14082     30178
12             Kab. Balangan        151000  ...               13116     27919

[13 rows x 44 columns]
                       nama  kode_wilayah  ...  total_pd_perempuan  total_pd
0            Kota Samarinda        166000  ...               84684    174795
1    Kab. Kutai Kartanegara        160200  ...               83001    173469
2           Kota Balikpapan        166100  ...               71767    148597
3          Kab. Kutai Timur        161000  ...               49454    103647
4                Kab. Berau        160300  ...               33299     69092
5                Kab. Paser        160100  ...               29602     61669
6              Kota Bontang        166300  ...               21788     45521
7  Kab. Penajam Paser Utara        161100  ...               20846     43644
8          Kab. Kutai Barat        160900  ...               20862     43453
9          Kab. Mahakam Ulu        161200  ...                4254      8767

[10 rows x 44 columns]
                                     nama  ...  total_pd
0                             Kota Manado  ...     89591
1                           Kab. Minahasa  ...     59432
2                     Kab. Minahasa Utara  ...     45164
3                  Kab. Bolaang Mongondow  ...     44037
4                   Kab. Minahasa Selatan  ...     42849
5                             Kota Bitung  ...     42286
6                         Kota Kotamobagu  ...     26057
7                  Kab. Minahasa Tenggara  ...     24689
8                       Kab. Kep. Sangihe  ...     24584
9                            Kota Tomohon  ...     21709
10                  Kab. Kepulauan Talaud  ...     20833
11           Kab. Bolaang Mongondow Utara  ...     17856
12           Kab. Bolaang Mongondow Timur  ...     16829
13         Kab. Bolaang Mongondow Selatan  ...     15274
14  Kab. Kepulauan Siau Tagulandang Biaro  ...     12312

[15 rows x 44 columns]
                      nama  kode_wilayah  ...  total_pd_perempuan  total_pd
0      Kab. Parigi Moutong        180800  ...               53776    109736
1                Kota Palu        186000  ...               42351     86804
2             Kab. Banggai        180400  ...               37790     77858
3            Kab. Donggala        180200  ...               34863     71498
4                Kab. Sigi        181000  ...               25799     53823
5                Kab. Poso        180300  ...               22176     46392
6            Kab. Tolitoli        180600  ...               22296     45799
7            Kab. Morowali        180700  ...               21517     44746
8        Kab. Tojo Una-Una        180900  ...               19502     40206
9                Kab. Buol        180500  ...               17406     35085
10     Kab. Morowali Utara        181200  ...               14701     30936
11  Kab. Banggai Kepulauan        180100  ...               14588     29920
12       Kab. Banggai Laut        181100  ...                8872     18202

[13 rows x 44 columns]
                         nama  kode_wilayah  ...  total_pd_perempuan  total_pd
0               Kota Makassar        196000  ...              141622    290957
1                   Kab. Gowa        190300  ...               75566    154954
2                   Kab. Bone        190700  ...               68702    140320
3              Kab. Bulukumba        191100  ...               42999     87656
4                  Kab. Maros        190100  ...               40442     83178
5              Kab. Jeneponto        190500  ...               39424     79545
6   Kab. Pangkajene Kepulauan        190200  ...               39271     79542
7                Kab. Pinrang        191400  ...               38616     79521
8                   Kab. Luwu        191700  ...               36951     77876
9                Kab. Takalar        190400  ...               37894     77545
10                  Kab. Wajo        190800  ...               34870     70436
11            Kab. Luwu Timur        192600  ...               32730     67943
12          Kab. Toraja Utara        192700  ...               31028     64927
13           Kab. Tana Toraja        191800  ...               29430     63326
14            Kab. Luwu Utara        192400  ...               30279     62413
15     Kab. Sidenreng Rappang        191500  ...               30416     61392
16                Kab. Sinjai        191200  ...               27811     58017
17              Kab. Enrekang        191600  ...               22304     46541
18              Kab. Bantaeng        191000  ...               22101     44649
19                 Kab. Barru        190600  ...               20187     41974
20                Kota Palopo        196200  ...               19919     40870
21               Kab. Soppeng        190900  ...               19250     39435
22              Kota Parepare        196100  ...               16055     33088
23     Kab. Kepulauan Selayar        191300  ...               15526     32493

[24 rows x 44 columns]
                     nama  kode_wilayah  ...  total_pd_perempuan  total_pd
0            Kota Kendari        206000  ...               40145     82942
1     Kab. Konawe Selatan        200500  ...               34288     71481
2               Kab. Muna        200200  ...               32210     67178
3             Kab. Konawe        200100  ...               28514     60468
4             Kab. Kolaka        200400  ...               25269     53113
5            Kab. Bombana        200700  ...               21575     44570
6             Kota Baubau        206100  ...               19795     41495
7              Kab. Buton        200300  ...               15895     32852
8       Kab. Buton Tengah        201600  ...               15611     32235
9           Kab. Wakatobi        200600  ...               15074     30966
10      Kab. Kolaka Utara        200800  ...               14303     30732
11      Kab. Kolaka Timur        201100  ...               12215     25547
12        Kab. Muna Barat        201300  ...               12131     24918
13     Kab. Buton Selatan        201400  ...               12069     24635
14       Kab. Buton Utara        201000  ...               11085     23161
15      Kab. Konawe Utara        200900  ...               10986     22830
16  Kab. Konawe Kepulauan        201200  ...                5373     11141

[17 rows x 44 columns]
                       nama  kode_wilayah  ...  total_pd_perempuan  total_pd
0        Kab. Maluku Tengah        210100  ...               41862     87474
1                Kota Ambon        216000  ...               37200     77635
2   Kab. Seram Bagian Barat        210500  ...               25816     53374
3   Kab. Kepulauan Tanimbar        210400  ...               19093     40392
4                 Kab. Buru        210300  ...               18099     37341
5   Kab. Seram Bagian Timur        210600  ...               16169     33402
6      Kab. Maluku Tenggara        210200  ...               14570     31410
7        Kab. Kepulauan Aru        210700  ...               13835     29180
8    Kab. Maluku Barat Daya        210800  ...               12877     26620
9         Kab. Buru Selatan        210900  ...               12603     26281
10                Kota Tual        216100  ...                9414     19063

[11 rows x 44 columns]
               nama  kode_wilayah  ...  total_pd_perempuan  total_pd
0     Kota Denpasar        226000  ...               83553    174179
1     Kab. Buleleng        220100  ...               69147    143714
2       Kab. Badung        220400  ...               61174    128004
3      Kab. Gianyar        220500  ...               49050    102152
4  Kab. Karang Asem        220800  ...               43090     89758
5      Kab. Tabanan        220300  ...               35920     74504
6     Kab. Jembrana        220200  ...               23687     49905
7       Kab. Bangli        220700  ...               22721     47137
8    Kab. Klungkung        220600  ...               19409     40494

[9 rows x 44 columns]
                 nama  kode_wilayah  ...  total_pd_perempuan  total_pd
0   Kab. Lombok Timur        230300  ...              133706    276517
1  Kab. Lombok Tengah        230200  ...              101195    210220
2   Kab. Lombok Barat        230100  ...               66812    139736
3           Kab. Bima        230600  ...               63487    131940
4        Kab. Sumbawa        230400  ...               55522    114706
5        Kota Mataram        236000  ...               46417     96740
6          Kab. Dompu        230500  ...               38425     79602
7   Kab. Lombok Utara        230800  ...               26320     53335
8           Kota Bima        236100  ...               18705     39540
9  Kab. Sumbawa Barat        230700  ...               16910     35430

[10 rows x 44 columns]
                         nama  kode_wilayah  ...  total_pd_perempuan  total_pd
0   Kab. Timor Tengah Selatan        240300  ...               66785    136038
1       Kab. Sumba Barat Daya        241900  ...               62974    132836
2              Kab. Manggarai        241100  ...               50172    102262
3                 Kota Kupang        246000  ...               48061    100148
4                 Kab. Kupang        240100  ...               47217     97407
5                  Kab. Sikka        240800  ...               39729     81717
6        Kab. Manggarai Timur        242000  ...               36585     74783
7     Kab. Timor Tengah Utara        240400  ...               36072     73673
8            Kab. Sumba Timur        241200  ...               35440     73579
9        Kab. Manggarai Barat        241600  ...               34425     69945
10                  Kab. Ende        240900  ...               32041     66495
11          Kab. Flores Timur        240700  ...               30095     63413
12                  Kab. Belu        240500  ...               30362     61314
13                  Kab. Alor        240600  ...               28480     59227
14                Kab. Malaka        242200  ...               27773     55913
15             Kab. Rote-Ndao        241500  ...               20275     42251
16           Kab. Sumba Barat        241300  ...               20016     41120
17                 Kab. Ngada        241000  ...               19242     39906
18               Kab. Nagekeo        241700  ...               18377     38250
19               Kab. Lembata        241400  ...               15374     32154
20           Kab. Sabu Raijua        242100  ...               14055     28987
21          Kab. Sumba Tengah        241800  ...               11922     24766

[22 rows x 44 columns]
                   nama  kode_wilayah  ...  total_pd_perempuan  total_pd
0         Kota Jayapura        256000  ...               31764     66541
1         Kab. Jayapura        250100  ...               23022     48688
2      Kab. Biak Numfor        250200  ...               20409     43139
3  Kab. Kepulauan Yapen        250300  ...               14308     30447
4           Kab. Keerom        252000  ...                7978     17032
5            Kab. Sarmi        251900  ...                6384     13588
6   Kab. Memberamo Raya        252800  ...                4458     10134
7          Kab. Supiori        252700  ...                4137      8812
8          Kab. Waropen        252600  ...                3901      8409

[9 rows x 44 columns]
                    nama  kode_wilayah  ...  total_pd_perempuan  total_pd
0          Kota Bengkulu        266000  ...               43960     92657
1    Kab. Bengkulu Utara        260100  ...               30491     63240
2     Kab. Rejang Lebong        260200  ...               27260     56646
3         Kab. Muko-muko        260400  ...               20001     42051
4            Kab. Seluma        260800  ...               19090     39961
5  Kab. Bengkulu Selatan        260300  ...               18615     38878
6              Kab. Kaur        260700  ...               14838     31206
7         Kab. Kepahiang        260500  ...               12785     27504
8   Kab. Bengkulu Tengah        260900  ...               11786     24956
9            Kab. Lebong        260600  ...               11100     23194

[10 rows x 44 columns]
OS SYSTEM:    Windows
CPU CORES:    4
CHROME PATH:     webdriver\chrome\Windows\v116_0_5845_96\chromedriver.exe
                    nama  kode_wilayah  ...  total_pd_perempuan  total_pd
0     Kota Jakarta Timur         16400  ...              247503    511160
1     Kota Jakarta Barat         16200  ...              175824    362976
2   Kota Jakarta Selatan         16300  ...              173723    355500
3     Kota Jakarta Utara         16100  ...              127549    263575
4     Kota Jakarta Pusat         16000  ...               85276    173705
5  Kab. Kepulauan Seribu         10100  ...                2843      6020

[6 rows x 44 columns]
                  nama  kode_wilayah  ...  total_pd_perempuan  total_pd
0           Kab. Bogor         20500  ...              555790   1167355
1         Kab. Bandung         20800  ...              345977    708910
2          Kab. Bekasi         22200  ...              323634    667230
3           Kab. Garut         21100  ...              301886    622557
4         Kab. Cianjur         20700  ...              278659    578578
5        Kab. Sukabumi         20600  ...              247450    512100
6        Kab. Karawang         22100  ...              239378    496043
7         Kota Bandung         26000  ...              235533    484185
8          Kota Bekasi         26500  ...              233650    484172
9         Kab. Cirebon         21700  ...              198525    415016
10          Kota Depok         26600  ...              173804    360294
11      Kab. Indramayu         21800  ...              171957    354691
12    Kab. Tasikmalaya         21200  ...              163917    340100
13  Kab. Bandung Barat         22300  ...              158030    326787
14         Kab. Subang         21900  ...              151483    314890
15     Kab. Majalengka         21600  ...              114608    239419
16       Kab. Kuningan         21500  ...              114303    237945
17       Kab. Sumedang         21000  ...              110375    228850
18          Kota Bogor         26100  ...              107685    225091
19         Kab. Ciamis         21400  ...               97930    201701
20     Kab. Purwakarta         22000  ...               95954    199410
21    Kota Tasikmalaya         26800  ...               70155    144153
22         Kota Cimahi         26700  ...               53548    110204
23        Kota Cirebon         26300  ...               42179     86620
24       Kota Sukabumi         26200  ...               38078     78821
25    Kab. Pangandaran         22500  ...               33624     70120
26         Kota Banjar         26900  ...               20895     42949

[27 rows x 44 columns]
                 nama  kode_wilayah  ...  total_pd_perempuan  total_pd
0         Kab. Brebes         32900  ...              156008    319742
1        Kab. Cilacap         30100  ...              150953    314177
2       Kota Semarang         36300  ...              151068    311610
3       Kab. Banyumas         30200  ...              147953    306718
4          Kab. Tegal         32800  ...              132629    272990
5       Kab. Pemalang         32700  ...              129069    266210
6       Kab. Grobogan         31500  ...              116474    242005
7        Kab. Kebumen         30500  ...              110244    230630
8         Kab. Klaten         31000  ...              100744    208617
9          Kab. Demak         32100  ...               93897    196392
10        Kab. Kendal         32400  ...               93345    195265
11        Kab. Jepara         32000  ...               93691    194153
12          Kab. Pati         31800  ...               90795    191825
13      Kab. Magelang         30800  ...               88583    185654
14      Kab. Semarang         32200  ...               83293    173294
15        Kab. Sragen         31400  ...               81448    170429
16    Kab. Pekalongan         32600  ...               81599    169198
17      Kab. Boyolali         30900  ...               78554    162642
18  Kab. Banjarnegara         30400  ...               76293    158575
19   Kab. Purbalingga         30300  ...               76699    157275
20      Kab. Wonogiri         31200  ...               76147    156747
21   Kab. Karanganyar         31300  ...               74994    156681
22         Kab. Blora         31600  ...               73273    151940
23      Kab. Wonosobo         30700  ...               73247    150324
24     Kota Surakarta         36100  ...               72495    147463
25     Kab. Sukoharjo         31100  ...               67249    140564
26        Kab. Batang         32500  ...               64969    135012
27     Kab. Purworejo         30600  ...               64228    133338
28         Kab. Kudus         31900  ...               62235    129199
29    Kab. Temanggung         32300  ...               59617    124563
30       Kab. Rembang         31700  ...               55405    118340
31         Kota Tegal         36500  ...               29882     60922
32    Kota Pekalongan         36400  ...               27429     55725
33      Kota Salatiga         36200  ...               22968     47806
34      Kota Magelang         36000  ...               21344     42449

[35 rows x 44 columns]
                nama  kode_wilayah  ...  total_pd_perempuan  total_pd
0        Kab. Sleman         40200  ...              101532    210325
1        Kab. Bantul         40100  ...               85619    178256
2  Kab. Gunung Kidul         40300  ...               60444    125810
3    Kota Yogyakarta         46000  ...               53236    108279
4   Kab. Kulon Progo         40400  ...               38610     81769

[5 rows x 44 columns]
                nama  kode_wilayah  ...  total_pd_perempuan  total_pd
0      Kota Surabaya         56000  ...              265568    546188
1        Kab. Malang         51800  ...              207127    426114
2        Kab. Jember         52400  ...              184092    380653
3      Kab. Sidoarjo         50200  ...              175320    366293
4    Kab. Banyuwangi         52500  ...              137662    287951
5      Kab. Pasuruan         51900  ...              118891    256550
6        Kab. Kediri         51300  ...              118522    249778
7        Kab. Gresik         50100  ...              100026    211249
8       Kab. Jombang         50400  ...               95669    203202
9     Kab. Bangkalan         52900  ...               95004    199270
10   Kab. Bojonegoro         50500  ...               92521    193983
11       Kota Malang         56100  ...               90929    188183
12     Kab. Lamongan         50700  ...               86686    183108
13    Kab. Mojokerto         50300  ...               85254    177802
14      Kab. Nganjuk         51400  ...               85544    177540
15  Kab. Tulungagung         51600  ...               83849    175253
16        Kab. Tuban         50600  ...               82899    175063
17  Kab. Probolinggo         52000  ...               82067    173624
18      Kab. Sampang         52700  ...               82592    171643
19     Kab. Lumajang         52100  ...               78859    163012
20       Kab. Blitar         51500  ...               75624    157664
21    Kab. Pamekasan         52600  ...               65709    142087
22    Kab. Bondowoso         52200  ...               65988    138217
23      Kab. Sumenep         52800  ...               60784    127402
24     Kab. Ponorogo         51100  ...               58295    122274
25        Kab. Ngawi         50900  ...               56620    120228
26    Kab. Situbondo         52300  ...               56406    115824
27   Kab. Trenggalek         51700  ...               49305    102896
28       Kab. Madiun         50800  ...               45447     96672
29      Kab. Magetan         51000  ...               44503     93274
30      Kab. Pacitan         51200  ...               40043     82659
31       Kota Kediri         56300  ...               38005     78506
32  Kota Probolinggo         56700  ...               23101     48689
33     Kota Pasuruan         56600  ...               22020     47198
34       Kota Madiun         56200  ...               21719     44208
35       Kota Blitar         56500  ...               21175     43774
36         Kota Batu         56800  ...               19961     41214
37    Kota Mojokerto         56400  ...               16883     35966

[38 rows x 44 columns]
                    nama  kode_wilayah  ...  total_pd_perempuan  total_pd
0        Kab. Aceh Utara         60300  ...               62787    131937
1        Kab. Aceh Timur         60400  ...               44376     92388
2           Kab. Bireuen         61200  ...               40673     85645
3        Kab. Aceh Besar         60100  ...               33165     70733
4             Kab. Pidie         60200  ...               33747     70369
5        Kota Banda Aceh         66100  ...               30225     62586
6      Kab. Aceh Tamiang         61400  ...               29484     61032
7     Kab. Aceh Tenggara         60800  ...               27063     56603
8      Kab. Aceh Selatan         60700  ...               23400     49097
9       Kab. Aceh Tengah         60500  ...               19340     40272
10      Kota Lhokseumawe         66200  ...               19680     40017
11       Kab. Aceh Barat         60600  ...               17519     37477
12           Kota Langsa         66300  ...               17249     36327
13     Kab. Bener Meriah         61900  ...               17219     35880
14     Kab. Aceh Singkil         61300  ...               16701     34959
15       Kab. Nagan Raya         61500  ...               16325     34303
16  Kab. Aceh Barat Daya         61700  ...               14822     30797
17     Kota Subulussalam         66400  ...               13992     29307
18       Kab. Pidie Jaya         62000  ...               13307     27839
19        Kab. Aceh Jaya         61600  ...               11541     24370
20         Kab. Simeulue         61100  ...               10487     22068
21        Kab. Gayo Lues         61800  ...               10392     21616
22           Kota Sabang         66000  ...                4127      8734

[23 rows x 44 columns]
                         nama  kode_wilayah  ...  total_pd_perempuan  total_pd
0                  Kota Medan         76000  ...              230398    470933
1           Kab. Deli Serdang         70100  ...              193846    406275
2                Kab. Langkat         70200  ...               95135    197543
3             Kab. Simalungun         70400  ...               84344    174123
4                 Kab. Asahan         70600  ...               66557    137452
5        Kab. Serdang Bedagai         72100  ...               64359    132549
6       Kab. Mandailing Natal         71500  ...               50440    104837
7           Kab. Labuhan Batu         70700  ...               48802    100211
8         Kab. Tapanuli Utara         70800  ...               44303     91369
9           Kab. Nias Selatan         71700  ...               43268     89845
10              Kab. Batubara         72200  ...               43057     88635
11                  Kab. Karo         70300  ...               42474     87149
12                 Kab. Dairi         70500  ...               38595     79893
13       Kab. Tapanuli Tengah         70900  ...               37728     78351
14       Kota Pematangsiantar         76300  ...               36187     73544
15    Kab. Labuhan Batu Utara         72500  ...               35318     73327
16                Kota Binjai         76100  ...               33258     69691
17      Kab. Tapanuli Selatan         71000  ...               31190     65032
18  Kab. Labuhan Batu Selatan         72600  ...               30522     63277
19     Kab. Humbang Hasudutan         71900  ...               29171     60511
20                  Kab. Toba         71600  ...               28008     58117
21          Kab. Padang Lawas         72400  ...               26766     57369
22    Kab. Padang Lawas utara         72300  ...               24777     52561
23      Kota Padang Sidimpuan         76600  ...               23828     49412
24         Kota Tebing Tinggi         76200  ...               22027     44977
25                  Kab. Nias         71100  ...               20629     42968
26          Kota Gunungsitoli         76700  ...               19956     41756
27            Kab. Nias Utara         72800  ...               19057     40061
28               Kab. Samosir         72000  ...               18904     38871
29         Kota Tanjung Balai         76400  ...               16849     34099
30            Kab. Nias Barat         72700  ...               12640     26021
31               Kota Sibolga         76500  ...               12215     24823
32         Kab. Pakpak Bharat         71800  ...                6676     13914

[33 rows x 44 columns]
                       nama  kode_wilayah  ...  total_pd_perempuan  total_pd
0               Kota Padang         86100  ...               91234    191600
1      Kab. Pesisir Selatan         80600  ...               54340    115037
2        Kab. Pasaman Barat         81300  ...               46811     97404
3                 Kab. Agam         80100  ...               45951     95524
4      Kab. Padang Pariaman         80500  ...               41225     85512
5                Kab. Solok         80400  ...               40322     83738
6      Kab. Lima Puluh Koto         80300  ...               34977     74856
7              Kab. Pasaman         80200  ...               34037     70990
8          Kab. Tanah Datar         80700  ...               32121     67205
9            Kab. Sijunjung         80800  ...               28074     57861
10         Kab. Dharmasraya         81200  ...               26233     53497
11          Kota Payakumbuh         86500  ...               21291     43923
12         Kota Bukittinggi         86000  ...               18958     39622
13       Kab. Solok Selatan         81100  ...               17107     35896
14            Kota Pariaman         86600  ...               12734     27432
15  Kab. Kepulauan Mentawai         81000  ...               12128     25435
16               Kota Solok         86400  ...               11307     23153
17      Kota Padang Panjang         86200  ...                8677     17745
18         Kota Sawah Lunto         86300  ...                6668     14028

[19 rows x 44 columns]
                      nama  kode_wilayah  ...  total_pd_perempuan  total_pd
0           Kota Pekanbaru         96000  ...              118059    245859
1              Kab. Kampar         90100  ...               91216    189017
2         Kab. Rokan Hilir         91000  ...               72736    149717
3           Kab. Bengkalis         90200  ...               71156    146590
4          Kab. Rokan Hulu         90900  ...               66700    137275
5     Kab. Indragiri Hilir         90500  ...               57064    117589
6                Kab. Siak         91100  ...               54344    112902
7      Kab. Indragiri Hulu         90400  ...               51040    105441
8           Kab. Pelalawan         90800  ...               48644    100995
9               Kota Dumai         96200  ...               35645     74324
10   Kab. Kuantan Singingi         91400  ...               35045     72834
11  Kab. Kepulauan Meranti         91500  ...               19171     39434

[12 rows x 44 columns]
                         nama  kode_wilayah  ...  total_pd_perempuan  total_pd
0                  Kota Jambi        106000  ...               64010    131531
1               Kab. Merangin        100900  ...               38900     81201
2            Kab. Muaro Jambi        100700  ...               37588     77721
3                  Kab. Bungo        100200  ...               35589     73735
4                   Kab. Tebo        100600  ...               34582     72438
5             Kab. Sarolangun        100300  ...               34613     71424
6            Kab. Batang Hari        100100  ...               32731     67698
7   Kab. Tanjung Jabung Barat        100400  ...               31128     64575
8                Kab. Kerinci        100500  ...               24724     51331
9   Kab. Tanjung Jabung Timur        100800  ...               22186     45399
10          Kota Sungai Penuh        106100  ...               11328     23607

[11 rows x 44 columns]
                               nama  kode_wilayah  ...  total_pd_perempuan  total_pd
0                    Kota Palembang        116000  ...              169999    348726
1                    Kab. Banyuasin        110700  ...               85779    178539
2           Kab. Ogan Komering Ilir        110200  ...               80434    164603
3               Kab. Musi Banyuasin        110100  ...               79217    163803
4                   Kab. Muara Enim        110400  ...               64031    133234
5      Kab. Ogan Komering Ulu Timur        110800  ...               62557    129666
6                    Kab. Ogan Ilir        111000  ...               44617     92902
7                        Kab. Lahat        110500  ...               41958     88280
8                   Kab. Musi Rawas        110600  ...               39978     82536
9            Kab. Ogan Komering Ulu        110300  ...               37433     77548
10   Kab. Ogan Komering Ulu Selatan        110900  ...               34099     70609
11               Kota Lubuk Linggau        116200  ...               26601     55358
12  Kab. Penukal Abab Lematang Ilir        111200  ...               25702     54569
13                Kab. Empat Lawang        111100  ...               23453     48344
14                  Kota Prabumulih        116100  ...               22994     47998
15            Kab. Musi Rawas Utara        111300  ...               20540     42883
16                  Kota Pagar Alam        116300  ...               15196     31479

[17 rows x 44 columns]
                        nama  kode_wilayah  ...  total_pd_perempuan  total_pd
0        Kab. Lampung Tengah        120200  ...              121396    251143
1        Kota Bandar Lampung        126000  ...              105439    216262
2       Kab. Lampung Selatan        120100  ...              100068    208930
3         Kab. Lampung Timur        120700  ...               94189    195300
4         Kab. Lampung Utara        120300  ...               58306    120711
5             Kab. Tanggamus        120600  ...               54697    114736
6             Kab. Way Kanan        120800  ...               47777     99578
7             Kab. Pringsewu        121000  ...               43116     89409
8         Kab. Tulang Bawang        120500  ...               42690     88782
9             Kab. Pesawaran        120900  ...               40470     84649
10  Kab. Tulang Bawang Barat        121200  ...               29326     60935
11        Kab. Lampung Barat        120400  ...               27049     55856
12                Kota Metro        126100  ...               26236     53685
13               Kab. Mesuji        121100  ...               23142     48402
14        Kab. Pesisir Barat        121300  ...               16493     34461

[15 rows x 44 columns]
                 nama  kode_wilayah  ...  total_pd_perempuan  total_pd
0      Kota Pontianak        136000  ...               65657    134387
1         Kab. Sambas        130100  ...               64144    130956
2       Kab. Ketapang        130600  ...               56118    117148
3       Kab. Kuburaya        131300  ...               55480    114810
4        Kab. Sintang        130400  ...               47862     99309
5        Kab. Sanggau        130300  ...               47106     97518
6         Kab. Landak        130900  ...               42347     87871
7     Kab. Bengkayang        130800  ...               30786     63503
8    Kab. Kapuas Hulu        130500  ...               27553     56494
9     Kota Singkawang        136100  ...               25562     52301
10      Kab. Mempawah        130200  ...               25184     52239
11       Kab. Sekadau        131000  ...               23462     48183
12        Kab. Melawi        131100  ...               22903     47512
13  Kab. Kayong Utara        131200  ...               12932     26612

[14 rows x 44 columns]
                       nama  kode_wilayah  ...  total_pd_perempuan  total_pd
0   Kab. Kotawaringin Timur        140400  ...               49983    104600
1               Kab. Kapuas        140100  ...               34295     71914
2   Kab. Kotawaringin Barat        140500  ...               31417     65076
3        Kota Palangka Raya        146000  ...               28629     59620
4             Kab. Katingan        140600  ...               19221     39681
5              Kab. Seruyan        140700  ...               19146     39517
6           Kab. Gunung Mas        141000  ...               15702     32404
7         Kab. Barito Utara        140300  ...               14912     31047
8          Kab. Murung Raya        141200  ...               14736     30530
9         Kab. Pulang Pisau        141100  ...               13627     28578
10      Kab. Barito Selatan        140200  ...               11726     24638
11        Kab. Barito Timur        141300  ...               10855     22900
12            Kab. Lamandau        140900  ...               10837     22623
13            Kab. Sukamara        140800  ...                6776     14058

[14 rows x 44 columns]
                        nama  kode_wilayah  ...  total_pd_perempuan  total_pd
0           Kota Banjarmasin        156000  ...               58103    120114
1                Kab. Banjar        150100  ...               44551     92525
2           Kab. Tanah Bumbu        151100  ...               37407     78237
3              Kab. Kotabaru        150900  ...               32847     68265
4            Kab. Tanah Laut        150200  ...               32374     67135
5            Kota Banjarbaru        156100  ...               28509     60011
6          Kab. Barito Kuala        150300  ...               27924     57759
7              Kab. Tabalong        150800  ...               24714     52251
8    Kab. Hulu Sungai Tengah        150600  ...               19324     41043
9   Kab. Hulu Sungai Selatan        150500  ...               18571     39968
10                Kab. Tapin        150400  ...               17602     37932
11    Kab. Hulu Sungai Utara        150700  ...               14082     30178
12             Kab. Balangan        151000  ...               13116     27919

[13 rows x 44 columns]
                       nama  kode_wilayah  ...  total_pd_perempuan  total_pd
0            Kota Samarinda        166000  ...               84684    174795
1    Kab. Kutai Kartanegara        160200  ...               83001    173469
2           Kota Balikpapan        166100  ...               71767    148597
3          Kab. Kutai Timur        161000  ...               49454    103647
4                Kab. Berau        160300  ...               33299     69092
5                Kab. Paser        160100  ...               29602     61669
6              Kota Bontang        166300  ...               21788     45521
7  Kab. Penajam Paser Utara        161100  ...               20846     43644
8          Kab. Kutai Barat        160900  ...               20862     43453
9          Kab. Mahakam Ulu        161200  ...                4254      8767

[10 rows x 44 columns]
                                     nama  ...  total_pd
0                             Kota Manado  ...     89591
1                           Kab. Minahasa  ...     59432
2                     Kab. Minahasa Utara  ...     45164
3                  Kab. Bolaang Mongondow  ...     44037
4                   Kab. Minahasa Selatan  ...     42849
5                             Kota Bitung  ...     42286
6                         Kota Kotamobagu  ...     26057
7                  Kab. Minahasa Tenggara  ...     24689
8                       Kab. Kep. Sangihe  ...     24584
9                            Kota Tomohon  ...     21709
10                  Kab. Kepulauan Talaud  ...     20833
11           Kab. Bolaang Mongondow Utara  ...     17856
12           Kab. Bolaang Mongondow Timur  ...     16829
13         Kab. Bolaang Mongondow Selatan  ...     15274
14  Kab. Kepulauan Siau Tagulandang Biaro  ...     12312

[15 rows x 44 columns]
                      nama  kode_wilayah  ...  total_pd_perempuan  total_pd
0      Kab. Parigi Moutong        180800  ...               53776    109736
1                Kota Palu        186000  ...               42351     86804
2             Kab. Banggai        180400  ...               37790     77858
3            Kab. Donggala        180200  ...               34863     71498
4                Kab. Sigi        181000  ...               25799     53823
5                Kab. Poso        180300  ...               22176     46392
6            Kab. Tolitoli        180600  ...               22296     45799
7            Kab. Morowali        180700  ...               21517     44746
8        Kab. Tojo Una-Una        180900  ...               19502     40206
9                Kab. Buol        180500  ...               17406     35085
10     Kab. Morowali Utara        181200  ...               14701     30936
11  Kab. Banggai Kepulauan        180100  ...               14588     29920
12       Kab. Banggai Laut        181100  ...                8872     18202

[13 rows x 44 columns]
                         nama  kode_wilayah  ...  total_pd_perempuan  total_pd
0               Kota Makassar        196000  ...              141622    290957
1                   Kab. Gowa        190300  ...               75566    154954
2                   Kab. Bone        190700  ...               68702    140320
3              Kab. Bulukumba        191100  ...               42999     87656
4                  Kab. Maros        190100  ...               40442     83178
5              Kab. Jeneponto        190500  ...               39424     79545
6   Kab. Pangkajene Kepulauan        190200  ...               39271     79542
7                Kab. Pinrang        191400  ...               38616     79521
8                   Kab. Luwu        191700  ...               36951     77876
9                Kab. Takalar        190400  ...               37894     77545
10                  Kab. Wajo        190800  ...               34870     70436
11            Kab. Luwu Timur        192600  ...               32730     67943
12          Kab. Toraja Utara        192700  ...               31028     64927
13           Kab. Tana Toraja        191800  ...               29430     63326
14            Kab. Luwu Utara        192400  ...               30279     62413
15     Kab. Sidenreng Rappang        191500  ...               30416     61392
16                Kab. Sinjai        191200  ...               27811     58017
17              Kab. Enrekang        191600  ...               22304     46541
18              Kab. Bantaeng        191000  ...               22101     44649
19                 Kab. Barru        190600  ...               20187     41974
20                Kota Palopo        196200  ...               19919     40870
21               Kab. Soppeng        190900  ...               19250     39435
22              Kota Parepare        196100  ...               16055     33088
23     Kab. Kepulauan Selayar        191300  ...               15526     32493

[24 rows x 44 columns]
                     nama  kode_wilayah  ...  total_pd_perempuan  total_pd
0            Kota Kendari        206000  ...               40145     82942
1     Kab. Konawe Selatan        200500  ...               34288     71481
2               Kab. Muna        200200  ...               32210     67178
3             Kab. Konawe        200100  ...               28514     60468
4             Kab. Kolaka        200400  ...               25269     53113
5            Kab. Bombana        200700  ...               21575     44570
6             Kota Baubau        206100  ...               19795     41495
7              Kab. Buton        200300  ...               15895     32852
8       Kab. Buton Tengah        201600  ...               15611     32235
9           Kab. Wakatobi        200600  ...               15074     30966
10      Kab. Kolaka Utara        200800  ...               14303     30732
11      Kab. Kolaka Timur        201100  ...               12215     25547
12        Kab. Muna Barat        201300  ...               12131     24918
13     Kab. Buton Selatan        201400  ...               12069     24635
14       Kab. Buton Utara        201000  ...               11085     23161
15      Kab. Konawe Utara        200900  ...               10986     22830
16  Kab. Konawe Kepulauan        201200  ...                5373     11141

[17 rows x 44 columns]
                       nama  kode_wilayah  ...  total_pd_perempuan  total_pd
0        Kab. Maluku Tengah        210100  ...               41862     87474
1                Kota Ambon        216000  ...               37200     77635
2   Kab. Seram Bagian Barat        210500  ...               25816     53374
3   Kab. Kepulauan Tanimbar        210400  ...               19093     40392
4                 Kab. Buru        210300  ...               18099     37341
5   Kab. Seram Bagian Timur        210600  ...               16169     33402
6      Kab. Maluku Tenggara        210200  ...               14570     31410
7        Kab. Kepulauan Aru        210700  ...               13835     29180
8    Kab. Maluku Barat Daya        210800  ...               12877     26620
9         Kab. Buru Selatan        210900  ...               12603     26281
10                Kota Tual        216100  ...                9414     19063

[11 rows x 44 columns]
               nama  kode_wilayah  ...  total_pd_perempuan  total_pd
0     Kota Denpasar        226000  ...               83553    174179
1     Kab. Buleleng        220100  ...               69147    143714
2       Kab. Badung        220400  ...               61174    128004
3      Kab. Gianyar        220500  ...               49050    102152
4  Kab. Karang Asem        220800  ...               43090     89758
5      Kab. Tabanan        220300  ...               35920     74504
6     Kab. Jembrana        220200  ...               23687     49905
7       Kab. Bangli        220700  ...               22721     47137
8    Kab. Klungkung        220600  ...               19409     40494

[9 rows x 44 columns]
                 nama  kode_wilayah  ...  total_pd_perempuan  total_pd
0   Kab. Lombok Timur        230300  ...              133706    276517
1  Kab. Lombok Tengah        230200  ...              101195    210220
2   Kab. Lombok Barat        230100  ...               66812    139736
3           Kab. Bima        230600  ...               63487    131940
4        Kab. Sumbawa        230400  ...               55522    114706
5        Kota Mataram        236000  ...               46417     96740
6          Kab. Dompu        230500  ...               38425     79602
7   Kab. Lombok Utara        230800  ...               26320     53335
8           Kota Bima        236100  ...               18705     39540
9  Kab. Sumbawa Barat        230700  ...               16910     35430

[10 rows x 44 columns]
                         nama  kode_wilayah  ...  total_pd_perempuan  total_pd
0   Kab. Timor Tengah Selatan        240300  ...               66785    136038
1       Kab. Sumba Barat Daya        241900  ...               62974    132836
2              Kab. Manggarai        241100  ...               50172    102262
3                 Kota Kupang        246000  ...               48061    100148
4                 Kab. Kupang        240100  ...               47217     97407
5                  Kab. Sikka        240800  ...               39729     81717
6        Kab. Manggarai Timur        242000  ...               36585     74783
7     Kab. Timor Tengah Utara        240400  ...               36072     73673
8            Kab. Sumba Timur        241200  ...               35440     73579
9        Kab. Manggarai Barat        241600  ...               34425     69945
10                  Kab. Ende        240900  ...               32041     66495
11          Kab. Flores Timur        240700  ...               30095     63413
12                  Kab. Belu        240500  ...               30362     61314
13                  Kab. Alor        240600  ...               28480     59227
14                Kab. Malaka        242200  ...               27773     55913
15             Kab. Rote-Ndao        241500  ...               20275     42251
16           Kab. Sumba Barat        241300  ...               20016     41120
17                 Kab. Ngada        241000  ...               19242     39906
18               Kab. Nagekeo        241700  ...               18377     38250
19               Kab. Lembata        241400  ...               15374     32154
20           Kab. Sabu Raijua        242100  ...               14055     28987
21          Kab. Sumba Tengah        241800  ...               11922     24766

[22 rows x 44 columns]
                   nama  kode_wilayah  ...  total_pd_perempuan  total_pd
0         Kota Jayapura        256000  ...               31764     66541
1         Kab. Jayapura        250100  ...               23022     48688
2      Kab. Biak Numfor        250200  ...               20409     43139
3  Kab. Kepulauan Yapen        250300  ...               14308     30447
4           Kab. Keerom        252000  ...                7978     17032
5            Kab. Sarmi        251900  ...                6384     13588
6   Kab. Memberamo Raya        252800  ...                4458     10134
7          Kab. Supiori        252700  ...                4137      8812
8          Kab. Waropen        252600  ...                3901      8409

[9 rows x 44 columns]
                    nama  kode_wilayah  ...  total_pd_perempuan  total_pd
0          Kota Bengkulu        266000  ...               43960     92657
1    Kab. Bengkulu Utara        260100  ...               30491     63240
2     Kab. Rejang Lebong        260200  ...               27260     56646
3         Kab. Muko-muko        260400  ...               20001     42051
4            Kab. Seluma        260800  ...               19090     39961
5  Kab. Bengkulu Selatan        260300  ...               18615     38878
6              Kab. Kaur        260700  ...               14838     31206
7         Kab. Kepahiang        260500  ...               12785     27504
8   Kab. Bengkulu Tengah        260900  ...               11786     24956
9            Kab. Lebong        260600  ...               11100     23194

[10 rows x 44 columns]
OS SYSTEM:    Windows
CPU CORES:    4
CHROME PATH:     webdriver\chrome\Windows\v116_0_5845_96\chromedriver.exe
10100
getting kecamatan
1
2
3
10100, error: 'int' object has no attribute 'strip', retry: 0
2
3
10100, error: 'int' object has no attribute 'strip', retry: 1
2
3
10100, error: 'int' object has no attribute 'strip', retry: 2
kabupaten with code 10100 failed to get
get kecamatan done in: 12.014612913131714 seconds
kode_wilayah_kecamatan:  0
OS SYSTEM:    Windows
CPU CORES:    4
CHROME PATH:     webdriver\chrome\Windows\v116_0_5845_96\chromedriver.exe
010100
getting kecamatan
010100
2
3
010100, error: Expected object or value, retry: 0
2
3
010100, error: Expected object or value, retry: 1
2
3
010100, error: Expected object or value, retry: 2
kabupaten with code 010100 failed to get
get kecamatan done in: 12.006802320480347 seconds
kode_wilayah_kecamatan:  0
OS SYSTEM:    Windows
CPU CORES:    4
CHROME PATH:     webdriver\chrome\Windows\v116_0_5845_96\chromedriver.exe
010100
getting kecamatan
010100
2
get kecamatan done in: 0.8649263381958008 seconds
kode_wilayah_kecamatan:  2
OS SYSTEM:    Windows
CPU CORES:    4
CHROME PATH:     webdriver\chrome\Windows\v116_0_5845_96\chromedriver.exe
010100
getting kecamatan
untuk kabupaten terplih: 010100
2
untuk kabupaten terplih: 016000
2
get kecamatan done in: 0.9079582691192627 seconds
kode_wilayah_kecamatan:  10
OS SYSTEM:    Windows
CPU CORES:    4
CHROME PATH:     webdriver\chrome\Windows\v116_0_5845_96\chromedriver.exe
010100
getting kecamatan
untuk kabupaten terplih: 010100
2
3
010100, error: 'kode_wilayah', retry: 0
2
3
010100, error: 'kode_wilayah', retry: 1
2
3
010100, error: 'kode_wilayah', retry: 2
kabupaten with code 010100 failed to get
untuk kabupaten terplih: 016000
2
3
016000, error: 'kode_wilayah', retry: 0
2
3
016000, error: 'kode_wilayah', retry: 1
2
3
016000, error: 'kode_wilayah', retry: 2
kabupaten with code 016000 failed to get
get kecamatan done in: 27.157798528671265 seconds
kode_wilayah_kecamatan:  0
OS SYSTEM:    Windows
CPU CORES:    4
CHROME PATH:     webdriver\chrome\Windows\v116_0_5845_96\chromedriver.exe
010100
getting kecamatan
untuk kabupaten terplih: 010100
2
untuk kabupaten terplih: 016000
2
untuk kabupaten terplih: 016100
2
untuk kabupaten terplih: 016200
2
untuk kabupaten terplih: 016300
2
untuk kabupaten terplih: 016400
2
untuk kabupaten terplih: 020500
2
untuk kabupaten terplih: 020600
2
untuk kabupaten terplih: 020700
2
untuk kabupaten terplih: 020800
2
untuk kabupaten terplih: 021000
2
untuk kabupaten terplih: 021100
2
untuk kabupaten terplih: 021200
2
untuk kabupaten terplih: 021400
2
untuk kabupaten terplih: 021500
2
untuk kabupaten terplih: 021600
2
untuk kabupaten terplih: 021700
2
untuk kabupaten terplih: 021800
2
untuk kabupaten terplih: 021900
2
untuk kabupaten terplih: 022000
2
untuk kabupaten terplih: 022100
2
untuk kabupaten terplih: 022200
2
untuk kabupaten terplih: 022300
2
untuk kabupaten terplih: 022500
2
untuk kabupaten terplih: 026000
2
untuk kabupaten terplih: 026100
2
untuk kabupaten terplih: 026200
2
untuk kabupaten terplih: 026300
2
untuk kabupaten terplih: 026500
2
untuk kabupaten terplih: 026600
2
untuk kabupaten terplih: 026700
2
untuk kabupaten terplih: 026800
2
untuk kabupaten terplih: 026900
2
untuk kabupaten terplih: 030100
2
untuk kabupaten terplih: 030200
2
untuk kabupaten terplih: 030300
2
untuk kabupaten terplih: 030400
2
untuk kabupaten terplih: 030500
2
untuk kabupaten terplih: 030600
2
untuk kabupaten terplih: 030700
2
untuk kabupaten terplih: 030800
2
untuk kabupaten terplih: 030900
2
untuk kabupaten terplih: 031000
2
untuk kabupaten terplih: 031100
2
untuk kabupaten terplih: 031200
2
untuk kabupaten terplih: 031300
2
untuk kabupaten terplih: 031400
2
untuk kabupaten terplih: 031500
2
untuk kabupaten terplih: 031600
2
untuk kabupaten terplih: 031700
2
untuk kabupaten terplih: 031800
2
untuk kabupaten terplih: 031900
2
untuk kabupaten terplih: 032000
2
untuk kabupaten terplih: 032100
2
untuk kabupaten terplih: 032200
2
untuk kabupaten terplih: 032300
2
untuk kabupaten terplih: 032400
2
untuk kabupaten terplih: 032500
2
untuk kabupaten terplih: 032600
2
untuk kabupaten terplih: 032700
2
untuk kabupaten terplih: 032800
2
untuk kabupaten terplih: 032900
2
untuk kabupaten terplih: 036000
2
untuk kabupaten terplih: 036100
2
untuk kabupaten terplih: 036200
2
untuk kabupaten terplih: 036300
2
untuk kabupaten terplih: 036400
2
untuk kabupaten terplih: 036500
2
untuk kabupaten terplih: 040100
2
untuk kabupaten terplih: 040200
2
untuk kabupaten terplih: 040300
2
untuk kabupaten terplih: 040400
2
untuk kabupaten terplih: 046000
2
untuk kabupaten terplih: 050100
2
untuk kabupaten terplih: 050200
2
untuk kabupaten terplih: 050300
2
untuk kabupaten terplih: 050400
2
untuk kabupaten terplih: 050500
2
untuk kabupaten terplih: 050600
2
untuk kabupaten terplih: 050700
2
untuk kabupaten terplih: 050800
2
untuk kabupaten terplih: 050900
2
untuk kabupaten terplih: 051000
2
untuk kabupaten terplih: 051100
2
untuk kabupaten terplih: 051200
2
untuk kabupaten terplih: 051300
2
untuk kabupaten terplih: 051400
2
untuk kabupaten terplih: 051500
2
untuk kabupaten terplih: 051600
2
untuk kabupaten terplih: 051700
2
untuk kabupaten terplih: 051800
2
untuk kabupaten terplih: 051900
2
untuk kabupaten terplih: 052000
2
untuk kabupaten terplih: 052100
2
untuk kabupaten terplih: 052200
2
untuk kabupaten terplih: 052300
2
untuk kabupaten terplih: 052400
2
untuk kabupaten terplih: 052500
2
untuk kabupaten terplih: 052600
2
untuk kabupaten terplih: 052700
2
untuk kabupaten terplih: 052800
2
untuk kabupaten terplih: 052900
2
untuk kabupaten terplih: 056000
2
untuk kabupaten terplih: 056100
2
untuk kabupaten terplih: 056200
2
untuk kabupaten terplih: 056300
2
untuk kabupaten terplih: 056400
2
untuk kabupaten terplih: 056500
2
untuk kabupaten terplih: 056600
2
untuk kabupaten terplih: 056700
2
untuk kabupaten terplih: 056800
2
untuk kabupaten terplih: 060100
2
untuk kabupaten terplih: 060200
2
untuk kabupaten terplih: 060300
2
untuk kabupaten terplih: 060400
2
untuk kabupaten terplih: 060500
2
untuk kabupaten terplih: 060600
2
untuk kabupaten terplih: 060700
2
untuk kabupaten terplih: 060800
2
untuk kabupaten terplih: 061100
2
untuk kabupaten terplih: 061200
2
untuk kabupaten terplih: 061300
2
untuk kabupaten terplih: 061400
2
untuk kabupaten terplih: 061500
2
untuk kabupaten terplih: 061600
2
untuk kabupaten terplih: 061700
2
untuk kabupaten terplih: 061800
2
untuk kabupaten terplih: 061900
2
untuk kabupaten terplih: 062000
2
untuk kabupaten terplih: 066000
2
untuk kabupaten terplih: 066100
2
untuk kabupaten terplih: 066200
2
untuk kabupaten terplih: 066300
2
untuk kabupaten terplih: 066400
2
untuk kabupaten terplih: 070100
2
untuk kabupaten terplih: 070200
2
untuk kabupaten terplih: 070300
2
untuk kabupaten terplih: 070400
2
untuk kabupaten terplih: 070500
2
untuk kabupaten terplih: 070600
2
untuk kabupaten terplih: 070700
2
untuk kabupaten terplih: 070800
2
untuk kabupaten terplih: 070900
2
untuk kabupaten terplih: 071000
2
untuk kabupaten terplih: 071100
2
untuk kabupaten terplih: 071500
2
untuk kabupaten terplih: 071600
2
untuk kabupaten terplih: 071700
2
untuk kabupaten terplih: 071800
2
untuk kabupaten terplih: 071900
2
untuk kabupaten terplih: 072000
2
untuk kabupaten terplih: 072100
2
untuk kabupaten terplih: 072200
2
untuk kabupaten terplih: 072300
2
untuk kabupaten terplih: 072400
2
untuk kabupaten terplih: 072500
2
untuk kabupaten terplih: 072600
2
untuk kabupaten terplih: 072700
2
untuk kabupaten terplih: 072800
2
untuk kabupaten terplih: 076000
2
untuk kabupaten terplih: 076100
2
untuk kabupaten terplih: 076200
2
untuk kabupaten terplih: 076300
2
untuk kabupaten terplih: 076400
2
untuk kabupaten terplih: 076500
2
untuk kabupaten terplih: 076600
2
untuk kabupaten terplih: 076700
2
untuk kabupaten terplih: 080100
2
untuk kabupaten terplih: 080200
2
untuk kabupaten terplih: 080300
2
untuk kabupaten terplih: 080400
2
untuk kabupaten terplih: 080500
2
untuk kabupaten terplih: 080600
2
untuk kabupaten terplih: 080700
2
untuk kabupaten terplih: 080800
2
untuk kabupaten terplih: 081000
2
untuk kabupaten terplih: 081100
2
untuk kabupaten terplih: 081200
2
untuk kabupaten terplih: 081300
2
untuk kabupaten terplih: 086000
2
untuk kabupaten terplih: 086100
2
untuk kabupaten terplih: 086200
2
untuk kabupaten terplih: 086300
2
untuk kabupaten terplih: 086400
2
untuk kabupaten terplih: 086500
2
untuk kabupaten terplih: 086600
2
untuk kabupaten terplih: 090100
2
untuk kabupaten terplih: 090200
2
untuk kabupaten terplih: 090400
2
untuk kabupaten terplih: 090500
2
untuk kabupaten terplih: 090800
2
untuk kabupaten terplih: 090900
2
untuk kabupaten terplih: 091000
2
untuk kabupaten terplih: 091100
2
untuk kabupaten terplih: 091400
2
untuk kabupaten terplih: 091500
2
untuk kabupaten terplih: 096000
2
untuk kabupaten terplih: 096200
2
untuk kabupaten terplih: 100100
2
untuk kabupaten terplih: 100200
2
untuk kabupaten terplih: 100300
2
untuk kabupaten terplih: 100400
2
untuk kabupaten terplih: 100500
2
untuk kabupaten terplih: 100600
2
untuk kabupaten terplih: 100700
2
untuk kabupaten terplih: 100800
2
untuk kabupaten terplih: 100900
2
untuk kabupaten terplih: 106000
2
untuk kabupaten terplih: 106100
2
untuk kabupaten terplih: 110100
2
untuk kabupaten terplih: 110200
2
untuk kabupaten terplih: 110300
2
untuk kabupaten terplih: 110400
2
untuk kabupaten terplih: 110500
2
untuk kabupaten terplih: 110600
2
untuk kabupaten terplih: 110700
2
untuk kabupaten terplih: 110800
2
untuk kabupaten terplih: 110900
2
untuk kabupaten terplih: 111000
2
untuk kabupaten terplih: 111100
2
untuk kabupaten terplih: 111200
2
untuk kabupaten terplih: 111300
2
untuk kabupaten terplih: 116000
2
OS SYSTEM:    Windows
CPU CORES:    4
CHROME PATH:     webdriver\chrome\Windows\v116_0_5845_96\chromedriver.exe
semester lists  ['20231', '20222', '20221', '20212', '20211', '20202', '20201', '20192', '20191']
semester_titles  ['Semester 2023/2024 Ganjil', 'Semester 2022/2023 Genap', 'Semester 2022/2023 Ganjil', 'Semester 2021/2022 Genap', 'Semester 2021/2022 Ganjil', 'Semester 2020/2021 Genap', 'Semester 2020/2021 Ganjil', 'Semester 2019/2020 Genap', 'Semester 2019/2020 Ganjil']
OS SYSTEM:    Windows
CPU CORES:    4
CHROME PATH:     webdriver\chrome\Windows\v116_0_5845_96\chromedriver.exe
semester lists  ['20231', '20222', '20221', '20212', '20211', '20202', '20201', '20192', '20191']
semester_titles  ['Semester 2023/2024 Ganjil', 'Semester 2022/2023 Genap', 'Semester 2022/2023 Ganjil', 'Semester 2021/2022 Genap', 'Semester 2021/2022 Ganjil', 'Semester 2020/2021 Genap', 'Semester 2020/2021 Ganjil', 'Semester 2019/2020 Genap', 'Semester 2019/2020 Ganjil']
generate rekapitulasi url done in: 0.014532804489135742 seconds
rekapitulasi_urls:  0
OS SYSTEM:    Windows
CPU CORES:    4
CHROME PATH:     webdriver\chrome\Windows\v116_0_5845_96\chromedriver.exe
OS SYSTEM:    Windows
CPU CORES:    4
CHROME PATH:     webdriver\chrome\Windows\v116_0_5845_96\chromedriver.exe
semester lists  ['20231', '20222', '20221', '20212', '20211', '20202', '20201', '20192', '20191']
semester_titles  ['Semester 2023/2024 Ganjil', 'Semester 2022/2023 Genap', 'Semester 2022/2023 Ganjil', 'Semester 2021/2022 Genap', 'Semester 2021/2022 Ganjil', 'Semester 2020/2021 Genap', 'Semester 2020/2021 Ganjil', 'Semester 2019/2020 Genap', 'Semester 2019/2020 Ganjil']
generate rekapitulasi url done in: 0.3114168643951416 seconds
rekapitulasi_urls:  64701
