OS SYSTEM:    Windows
CPU CORES:    4
CHROME PATH:     webdriver\chrome\Windows\v116_0_5845_96\chromedriver.exe
OS SYSTEM:    Windows
CPU CORES:    4
CHROME PATH:     webdriver\chrome\Windows\v116_0_5845_96\chromedriver.exe
semester lists  ['20231', '20222', '20221', '20212', '20211', '20202', '20201', '20192', '20191']
semester_titles  ['Semester 2023/2024 Ganjil', 'Semester 2022/2023 Genap', 'Semester 2022/2023 Ganjil', 'Semester 2021/2022 Genap', 'Semester 2021/2022 Ganjil', 'Semester 2020/2021 Genap', 'Semester 2020/2021 Ganjil', 'Semester 2019/2020 Genap', 'Semester 2019/2020 Ganjil']
generate rekapitulasi url done in: 0.032785892486572266 seconds
rekapitulasi_urls:  6039
OS SYSTEM:    Windows
CPU CORES:    4
CHROME PATH:     webdriver\chrome\Windows\v116_0_5845_96\chromedriver.exe
semester lists  ['20231', '20222', '20221', '20212', '20211', '20202', '20201', '20192', '20191']
semester_titles  ['Semester 2023/2024 Ganjil', 'Semester 2022/2023 Genap', 'Semester 2022/2023 Ganjil', 'Semester 2021/2022 Genap', 'Semester 2021/2022 Ganjil', 'Semester 2020/2021 Genap', 'Semester 2020/2021 Ganjil', 'Semester 2019/2020 Genap', 'Semester 2019/2020 Ganjil']
generate rekapitulasi url done in: 1.0782983303070068 seconds
rekapitulasi_urls:  64701
OS SYSTEM:    Windows
Num Threads:    4
CHROME PATH:     webdriver\chrome\Windows\v116_0_5845_96\chromedriver.exe
                    nama  kode_wilayah  ...  total_pd_perempuan  total_pd
0     Kota Jakarta Timur         16400  ...              247518    511210
1     Kota Jakarta Barat         16200  ...              175845    363002
2   Kota Jakarta Selatan         16300  ...              173713    355487
3     Kota Jakarta Utara         16100  ...              127563    263621
4     Kota Jakarta Pusat         16000  ...               85274    173703
5  Kab. Kepulauan Seribu         10100  ...                2839      6015

[6 rows x 44 columns]
                  nama  kode_wilayah  ...  total_pd_perempuan  total_pd
0           Kab. Bogor         20500  ...              555823   1167455
1         Kab. Bandung         20800  ...              346018    708995
2          Kab. Bekasi         22200  ...              323661    667280
3           Kab. Garut         21100  ...              301902    622544
4         Kab. Cianjur         20700  ...              278678    578608
5        Kab. Sukabumi         20600  ...              247432    512030
6        Kab. Karawang         22100  ...              239384    496044
7         Kota Bandung         26000  ...              235533    484176
8          Kota Bekasi         26500  ...              233633    484155
9         Kab. Cirebon         21700  ...              198527    415013
10          Kota Depok         26600  ...              173840    360342
11      Kab. Indramayu         21800  ...              171962    354688
12    Kab. Tasikmalaya         21200  ...              163905    340071
13  Kab. Bandung Barat         22300  ...              158016    326749
14         Kab. Subang         21900  ...              151474    314860
15     Kab. Majalengka         21600  ...              114611    239423
16       Kab. Kuningan         21500  ...              114288    237907
17       Kab. Sumedang         21000  ...              110375    228859
18          Kota Bogor         26100  ...              107684    225079
19         Kab. Ciamis         21400  ...               97959    201743
20     Kab. Purwakarta         22000  ...               95960    199422
21    Kota Tasikmalaya         26800  ...               70157    144152
22         Kota Cimahi         26700  ...               53549    110202
23        Kota Cirebon         26300  ...               42185     86641
24       Kota Sukabumi         26200  ...               38080     78840
25    Kab. Pangandaran         22500  ...               33624     70119
26         Kota Banjar         26900  ...               20895     42952

[27 rows x 44 columns]
                 nama  kode_wilayah  ...  total_pd_perempuan  total_pd
0         Kab. Brebes         32900  ...              156038    319810
1        Kab. Cilacap         30100  ...              150945    314163
2       Kota Semarang         36300  ...              151087    311648
3       Kab. Banyumas         30200  ...              147940    306687
4          Kab. Tegal         32800  ...              132627    272985
5       Kab. Pemalang         32700  ...              129065    266203
6       Kab. Grobogan         31500  ...              116473    242003
7        Kab. Kebumen         30500  ...              110248    230638
8         Kab. Klaten         31000  ...              100785    208690
9          Kab. Demak         32100  ...               93890    196373
10        Kab. Kendal         32400  ...               93342    195256
11        Kab. Jepara         32000  ...               93693    194158
12          Kab. Pati         31800  ...               90798    191829
13      Kab. Magelang         30800  ...               88580    185646
14      Kab. Semarang         32200  ...               83294    173298
15        Kab. Sragen         31400  ...               81450    170431
16    Kab. Pekalongan         32600  ...               81599    169194
17      Kab. Boyolali         30900  ...               78567    162654
18  Kab. Banjarnegara         30400  ...               76296    158568
19   Kab. Purbalingga         30300  ...               76701    157277
20      Kab. Wonogiri         31200  ...               76146    156743
21   Kab. Karanganyar         31300  ...               74996    156681
22         Kab. Blora         31600  ...               73271    151937
23      Kab. Wonosobo         30700  ...               73244    150323
24     Kota Surakarta         36100  ...               72488    147452
25     Kab. Sukoharjo         31100  ...               67247    140560
26        Kab. Batang         32500  ...               64970    135015
27     Kab. Purworejo         30600  ...               64233    133343
28         Kab. Kudus         31900  ...               62240    129211
29    Kab. Temanggung         32300  ...               59616    124562
30       Kab. Rembang         31700  ...               55407    118342
31         Kota Tegal         36500  ...               29882     60928
32    Kota Pekalongan         36400  ...               27426     55724
33      Kota Salatiga         36200  ...               22967     47795
34      Kota Magelang         36000  ...               21345     42450

[35 rows x 44 columns]
                nama  kode_wilayah  ...  total_pd_perempuan  total_pd
0        Kab. Sleman         40200  ...              101536    210336
1        Kab. Bantul         40100  ...               85621    178259
2  Kab. Gunung Kidul         40300  ...               60442    125808
3    Kota Yogyakarta         46000  ...               53236    108275
4   Kab. Kulon Progo         40400  ...               38609     81771

[5 rows x 44 columns]
OS SYSTEM:    Windows
Num Threads:    4
CHROME PATH:     webdriver\chrome\Windows\v116_0_5845_96\chromedriver.exe
getting kecamatan
1
2
1
2
1
2
1
2
1
2
1
2
1
2
1
2
1
2
1
2
1
2
1
2
1
2
1
2
1
2
1
2
1
2
1
2
1
2
1
2
get kecamatan done in: 5.074756145477295 seconds
kode_wilayah_kecamatan:  0
semester lists  ['20231', '20222', '20221', '20212', '20211', '20202', '20201', '20192', '20191']
semester_titles  ['Semester 2023/2024 Ganjil', 'Semester 2022/2023 Genap', 'Semester 2022/2023 Ganjil', 'Semester 2021/2022 Genap', 'Semester 2021/2022 Ganjil', 'Semester 2020/2021 Genap', 'Semester 2020/2021 Ganjil', 'Semester 2019/2020 Genap', 'Semester 2019/2020 Ganjil']
OS SYSTEM:    Windows
Num Threads:    4
CHROME PATH:     webdriver\chrome\Windows\v116_0_5845_96\chromedriver.exe
getting kecamatan
get kecamatan done in: 3.9351966381073 seconds
kode_wilayah_kecamatan:  0
semester lists  ['20231', '20222', '20221', '20212', '20211', '20202', '20201', '20192', '20191']
semester_titles  ['Semester 2023/2024 Ganjil', 'Semester 2022/2023 Genap', 'Semester 2022/2023 Ganjil', 'Semester 2021/2022 Genap', 'Semester 2021/2022 Ganjil', 'Semester 2020/2021 Genap', 'Semester 2020/2021 Ganjil', 'Semester 2019/2020 Genap', 'Semester 2019/2020 Ganjil']
OS SYSTEM:    Windows
Num Threads:    4
CHROME PATH:     webdriver\chrome\Windows\v116_0_5845_96\chromedriver.exe
getting kecamatan
6    16401
2    16402
3    16403
8    16404
5    16405
7    16406
0    16407
1    16408
4    16409
9    16410
Name: kode_wilayah, dtype: int64
10    21601
17    21602
3     21603
7     21604
23    21605
4     21606
0     21607
11    21608
18    21609
13    21610
16    21611
2     21612
6     21613
1     21614
21    21615
19    21616
8     21617
20    21618
14    21619
5     21620
9     21621
25    21622
22    21623
15    21624
24    21625
12    21626
Name: kode_wilayah, dtype: int64
1    10101
0    10102
Name: kode_wilayah, dtype: int64
1     21001
3     21002
2     21003
10    21004
4     21005
0     21006
5     21007
9     21008
17    21009
11    21010
20    21012
15    21013
18    21014
16    21015
6     21016
12    21017
13    21018
21    21019
24    21020
7     21023
19    21024
8     21025
23    21026
22    21027
25    21028
14    21029
Name: kode_wilayah, dtype: int64
27    20501
14    20502
9     20503
7     20504
13    20505
29    20506
17    20507
33    20508
31    20509
20    20510
18    20511
26    20512
15    20513
24    20514
34    20515
39    20516
6     20517
1     20518
2     20519
4     20520
0     20521
3     20522
5     20523
11    20524
10    20525
8     20526
12    20527
19    20528
32    20529
16    20530
28    20531
21    20532
23    20533
37    20534
36    20535
38    20536
22    20537
25    20538
30    20539
35    20540
Name: kode_wilayah, dtype: int64
3    16001
7    16002
6    16003
5    16004
4    16005
0    16006
1    16007
2    16008
Name: kode_wilayah, dtype: int64
19    21701
15    21702
24    21703
6     21704
33    21705
1     21706
34    21707
11    21708
14    21709
23    21710
0     21712
2     21713
7     21714
13    21715
20    21718
25    21719
5     21720
17    21721
9     21722
4     21723
36    21724
22    21725
3     21726
28    21727
31    21728
35    21729
16    21730
8     21731
10    21732
38    21733
27    21734
12    21735
39    21736
30    21737
37    21738
18    21739
32    21740
26    21741
29    21742
21    21743
Name: kode_wilayah, dtype: int64
38    21101
34    21102
12    21103
41    21104
10    21105
23    21106
26    21107
25    21108
19    21109
37    21110
28    21111
11    21112
20    21113
2     21114
7     21115
8     21116
6     21117
1     21119
4     21120
31    21121
18    21122
14    21123
15    21124
27    21125
16    21126
33    21127
13    21128
5     21129
22    21130
3     21131
30    21132
29    21133
40    21134
32    21135
17    21136
39    21137
24    21138
9     21139
0     21140
21    21141
36    21142
35    21143
Name: kode_wilayah, dtype: int64
3    16101
5    16102
1    16103
2    16104
4    16105
0    16106
Name: kode_wilayah, dtype: int64
4     21801
17    21802
14    21803
24    21804
15    21805
30    21806
25    21807
16    21808
8     21809
6     21810
7     21811
20    21812
1     21813
19    21814
0     21815
5     21816
21    21817
12    21818
3     21819
11    21820
2     21821
22    21822
26    21823
29    21824
10    21825
9     21826
27    21827
23    21828
28    21829
18    21830
13    21831
Name: kode_wilayah, dtype: int64
20    20601
15    20602
9     20603
13    20604
39    20605
38    20606
46    20607
25    20608
33    20609
37    20610
2     20611
12    20612
14    20613
7     20614
28    20615
30    20616
4     20617
35    20618
17    20619
3     20620
0     20621
5     20622
1     20623
11    20624
21    20625
10    20626
26    20627
8     20628
6     20629
23    20630
16    20631
29    20632
31    20633
18    20634
22    20635
43    20636
45    20637
41    20638
44    20639
32    20640
36    20641
19    20642
34    20643
24    20644
42    20645
40    20646
27    20647
Name: kode_wilayah, dtype: int64
6     21201
1     21202
7     21203
25    21204
14    21205
28    21206
19    21207
23    21208
8     21209
26    21210
9     21211
13    21212
24    21213
15    21214
31    21215
2     21216
0     21219
5     21220
16    21221
10    21223
4     21224
33    21225
3     21226
11    21227
35    21228
12    21229
20    21230
17    21231
37    21232
36    21233
29    21234
18    21235
27    21236
30    21237
38    21238
21    21239
34    21240
22    21241
32    21242
Name: kode_wilayah, dtype: int64
2    16201
3    16202
5    16203
4    16204
6    16205
7    16206
0    16207
1    16208
Name: kode_wilayah, dtype: int64
24    21901
2     21902
11    21903
16    21904
23    21905
21    21906
0     21907
6     21908
13    21909
9     21910
4     21911
5     21912
12    21913
3     21914
10    21915
14    21916
20    21917
1     21918
7     21919
15    21920
29    21921
8     21922
19    21923
27    21924
17    21925
22    21926
28    21927
18    21928
26    21929
25    21930
Name: kode_wilayah, dtype: int64
27    20701
13    20702
9     20703
24    20704
15    20705
26    20706
21    20707
23    20708
20    20709
19    20710
18    20711
3     20712
16    20713
2     20714
7     20715
10    20717
14    20718
1     20719
0     20720
5     20721
8     20722
12    20723
6     20724
11    20725
31    20726
28    20727
30    20728
25    20729
22    20730
4     20731
17    20732
29    20733
Name: kode_wilayah, dtype: int64
0    16301
1    16302
3    16303
4    16304
2    16305
5    16306
8    16307
7    16308
6    16309
9    16310
Name: kode_wilayah, dtype: int64
1     21410
13    21411
7     21412
26    21413
23    21414
9     21415
17    21416
25    21417
3     21418
8     21419
24    21420
0     21421
15    21422
12    21423
19    21424
6     21425
16    21426
11    21427
2     21428
10    21429
4     21430
22    21431
5     21432
18    21433
14    21434
21    21435
20    21438
Name: kode_wilayah, dtype: int64
4     22001
12    22002
6     22003
2     22004
1     22005
3     22006
10    22007
9     22008
8     22009
0     22010
7     22011
16    22012
15    22013
5     22014
13    22015
11    22016
14    22017
Name: kode_wilayah, dtype: int64
16    20801
23    20802
24    20803
7     20804
26    20805
14    20806
17    20807
5     20808
19    20809
8     20810
1     20811
4     20812
2     20813
0     20814
12    20815
6     20816
25    20817
10    20818
11    20819
15    20820
9     20821
13    20822
18    20823
3     20824
29    20825
20    20826
30    20829
27    20830
21    20831
28    20832
22    20833
Name: kode_wilayah, dtype: int64
7     21501
13    21502
22    21503
29    21504
26    21505
14    21506
9     21507
6     21508
5     21509
1     21510
8     21511
11    21512
0     21513
2     21514
10    21515
4     21516
3     21517
15    21518
21    21519
18    21520
20    21521
23    21522
16    21523
24    21524
28    21525
31    21526
30    21527
19    21528
27    21529
12    21530
17    21531
25    21532
Name: kode_wilayah, dtype: int64
get kecamatan done in: 3.543225049972534 seconds
kode_wilayah_kecamatan:  0
semester lists  ['20231', '20222', '20221', '20212', '20211', '20202', '20201', '20192', '20191']
semester_titles  ['Semester 2023/2024 Ganjil', 'Semester 2022/2023 Genap', 'Semester 2022/2023 Ganjil', 'Semester 2021/2022 Genap', 'Semester 2021/2022 Ganjil', 'Semester 2020/2021 Genap', 'Semester 2020/2021 Ganjil', 'Semester 2019/2020 Genap', 'Semester 2019/2020 Ganjil']
OS SYSTEM:    Windows
Num Threads:    4
CHROME PATH:     webdriver\chrome\Windows\v116_0_5845_96\chromedriver.exe
getting kecamatan
1    10101
0    10102
Name: kode_wilayah, dtype: int64
6    16401
2    16402
3    16403
8    16404
5    16405
7    16406
0    16407
1    16408
4    16409
9    16410
Name: kode_wilayah, dtype: int64
1     21001
3     21002
2     21003
10    21004
4     21005
0     21006
5     21007
9     21008
17    21009
11    21010
20    21012
15    21013
18    21014
16    21015
6     21016
12    21017
13    21018
21    21019
24    21020
7     21023
19    21024
8     21025
23    21026
22    21027
25    21028
14    21029
Name: kode_wilayah, dtype: int64
10    21601
17    21602
3     21603
7     21604
23    21605
4     21606
0     21607
11    21608
18    21609
13    21610
16    21611
2     21612
6     21613
1     21614
21    21615
19    21616
8     21617
20    21618
14    21619
5     21620
9     21621
25    21622
22    21623
15    21624
24    21625
12    21626
Name: kode_wilayah, dtype: int64
3    16001
7    16002
6    16003
5    16004
4    16005
0    16006
1    16007
2    16008
Name: kode_wilayah, dtype: int64
3    16101
5    16102
1    16103
2    16104
4    16105
0    16106
Name: kode_wilayah, dtype: int64
38    21101
34    21102
12    21103
41    21104
10    21105
23    21106
26    21107
25    21108
19    21109
37    21110
28    21111
11    21112
20    21113
2     21114
7     21115
8     21116
6     21117
1     21119
4     21120
31    21121
18    21122
14    21123
15    21124
27    21125
16    21126
33    21127
13    21128
5     21129
22    21130
3     21131
30    21132
29    21133
40    21134
32    21135
17    21136
39    21137
24    21138
9     21139
0     21140
21    21141
36    21142
35    21143
Name: kode_wilayah, dtype: int64
27    20501
14    20502
9     20503
7     20504
13    20505
29    20506
17    20507
33    20508
31    20509
20    20510
18    20511
26    20512
15    20513
24    20514
34    20515
39    20516
6     20517
1     20518
2     20519
4     20520
0     20521
3     20522
5     20523
11    20524
10    20525
8     20526
12    20527
19    20528
32    20529
16    20530
28    20531
21    20532
23    20533
37    20534
36    20535
38    20536
22    20537
25    20538
30    20539
35    20540
Name: kode_wilayah, dtype: int64
19    21701
15    21702
24    21703
6     21704
33    21705
1     21706
34    21707
11    21708
14    21709
23    21710
0     21712
2     21713
7     21714
13    21715
20    21718
25    21719
5     21720
17    21721
9     21722
4     21723
36    21724
22    21725
3     21726
28    21727
31    21728
35    21729
16    21730
8     21731
10    21732
38    21733
27    21734
12    21735
39    21736
30    21737
37    21738
18    21739
32    21740
26    21741
29    21742
21    21743
Name: kode_wilayah, dtype: int64
2    16201
3    16202
5    16203
4    16204
6    16205
7    16206
0    16207
1    16208
Name: kode_wilayah, dtype: int64
6     21201
1     21202
7     21203
25    21204
14    21205
28    21206
19    21207
23    21208
8     21209
26    21210
9     21211
13    21212
24    21213
15    21214
31    21215
2     21216
0     21219
5     21220
16    21221
10    21223
4     21224
33    21225
3     21226
11    21227
35    21228
12    21229
20    21230
17    21231
37    21232
36    21233
29    21234
18    21235
27    21236
30    21237
38    21238
21    21239
34    21240
22    21241
32    21242
Name: kode_wilayah, dtype: int64
4     21801
17    21802
14    21803
24    21804
15    21805
30    21806
25    21807
16    21808
8     21809
6     21810
7     21811
20    21812
1     21813
19    21814
0     21815
5     21816
21    21817
12    21818
3     21819
11    21820
2     21821
22    21822
26    21823
29    21824
10    21825
9     21826
27    21827
23    21828
28    21829
18    21830
13    21831
Name: kode_wilayah, dtype: int64
20    20601
15    20602
9     20603
13    20604
39    20605
38    20606
46    20607
25    20608
33    20609
37    20610
2     20611
12    20612
14    20613
7     20614
28    20615
30    20616
4     20617
35    20618
17    20619
3     20620
0     20621
5     20622
1     20623
11    20624
21    20625
10    20626
26    20627
8     20628
6     20629
23    20630
16    20631
29    20632
31    20633
18    20634
22    20635
43    20636
45    20637
41    20638
44    20639
32    20640
36    20641
19    20642
34    20643
24    20644
42    20645
40    20646
27    20647
Name: kode_wilayah, dtype: int64
1     21410
13    21411
7     21412
26    21413
23    21414
9     21415
17    21416
25    21417
3     21418
8     21419
24    21420
0     21421
15    21422
12    21423
19    21424
6     21425
16    21426
11    21427
2     21428
10    21429
4     21430
22    21431
5     21432
18    21433
14    21434
21    21435
20    21438
Name: kode_wilayah, dtype: int64
0    16301
1    16302
3    16303
4    16304
2    16305
5    16306
8    16307
7    16308
6    16309
9    16310
Name: kode_wilayah, dtype: int64
24    21901
2     21902
11    21903
16    21904
23    21905
21    21906
0     21907
6     21908
13    21909
9     21910
4     21911
5     21912
12    21913
3     21914
10    21915
14    21916
20    21917
1     21918
7     21919
15    21920
29    21921
8     21922
19    21923
27    21924
17    21925
22    21926
28    21927
18    21928
26    21929
25    21930
Name: kode_wilayah, dtype: int64
27    20701
13    20702
9     20703
24    20704
15    20705
26    20706
21    20707
23    20708
20    20709
19    20710
18    20711
3     20712
16    20713
2     20714
7     20715
10    20717
14    20718
1     20719
0     20720
5     20721
8     20722
12    20723
6     20724
11    20725
31    20726
28    20727
30    20728
25    20729
22    20730
4     20731
17    20732
29    20733
Name: kode_wilayah, dtype: int64
7     21501
13    21502
22    21503
29    21504
26    21505
14    21506
9     21507
6     21508
5     21509
1     21510
8     21511
11    21512
0     21513
2     21514
10    21515
4     21516
3     21517
15    21518
21    21519
18    21520
20    21521
23    21522
16    21523
24    21524
28    21525
31    21526
30    21527
19    21528
27    21529
12    21530
17    21531
25    21532
Name: kode_wilayah, dtype: int64
4     22001
12    22002
6     22003
2     22004
1     22005
3     22006
10    22007
9     22008
8     22009
0     22010
7     22011
16    22012
15    22013
5     22014
13    22015
11    22016
14    22017
Name: kode_wilayah, dtype: int64
16    20801
23    20802
24    20803
7     20804
26    20805
14    20806
17    20807
5     20808
19    20809
8     20810
1     20811
4     20812
2     20813
0     20814
12    20815
6     20816
25    20817
10    20818
11    20819
15    20820
9     20821
13    20822
18    20823
3     20824
29    20825
20    20826
30    20829
27    20830
21    20831
28    20832
22    20833
Name: kode_wilayah, dtype: int64
OS SYSTEM:    Windows
Num Threads:    4
CHROME PATH:     webdriver\chrome\Windows\v116_0_5845_96\chromedriver.exe
getting kecamatan
6    16401
2    16402
3    16403
8    16404
5    16405
7    16406
0    16407
1    16408
4    16409
9    16410
Name: kode_wilayah, dtype: int64
1    10101
0    10102
Name: kode_wilayah, dtype: int64
1     21001
3     21002
2     21003
10    21004
4     21005
0     21006
5     21007
9     21008
17    21009
11    21010
20    21012
15    21013
18    21014
16    21015
6     21016
12    21017
13    21018
21    21019
24    21020
7     21023
19    21024
8     21025
23    21026
22    21027
25    21028
14    21029
Name: kode_wilayah, dtype: int64
3    16001
7    16002
6    16003
5    16004
4    16005
0    16006
1    16007
2    16008
Name: kode_wilayah, dtype: int64
27    20501
14    20502
9     20503
7     20504
13    20505
29    20506
17    20507
33    20508
31    20509
20    20510
18    20511
26    20512
15    20513
24    20514
34    20515
39    20516
6     20517
1     20518
2     20519
4     20520
0     20521
3     20522
5     20523
11    20524
10    20525
8     20526
12    20527
19    20528
32    20529
16    20530
28    20531
21    20532
23    20533
37    20534
36    20535
38    20536
22    20537
25    20538
30    20539
35    20540
Name: kode_wilayah, dtype: int64
10    21601
17    21602
3     21603
7     21604
23    21605
4     21606
0     21607
11    21608
18    21609
13    21610
16    21611
2     21612
6     21613
1     21614
21    21615
19    21616
8     21617
20    21618
14    21619
5     21620
9     21621
25    21622
22    21623
15    21624
24    21625
12    21626
Name: kode_wilayah, dtype: int64
38    21101
34    21102
12    21103
41    21104
10    21105
23    21106
26    21107
25    21108
19    21109
37    21110
28    21111
11    21112
20    21113
2     21114
7     21115
8     21116
6     21117
1     21119
4     21120
31    21121
18    21122
14    21123
15    21124
27    21125
16    21126
33    21127
13    21128
5     21129
22    21130
3     21131
30    21132
29    21133
40    21134
32    21135
17    21136
39    21137
24    21138
9     21139
0     21140
21    21141
36    21142
35    21143
Name: kode_wilayah, dtype: int64
3    16101
5    16102
1    16103
2    16104
4    16105
0    16106
Name: kode_wilayah, dtype: int64
20    20601
15    20602
9     20603
13    20604
39    20605
38    20606
46    20607
25    20608
33    20609
37    20610
2     20611
12    20612
14    20613
7     20614
28    20615
30    20616
4     20617
35    20618
17    20619
3     20620
0     20621
5     20622
1     20623
11    20624
21    20625
10    20626
26    20627
8     20628
6     20629
23    20630
16    20631
29    20632
31    20633
18    20634
22    20635
43    20636
45    20637
41    20638
44    20639
32    20640
36    20641
19    20642
34    20643
24    20644
42    20645
40    20646
27    20647
Name: kode_wilayah, dtype: int64
6     21201
1     21202
7     21203
25    21204
14    21205
28    21206
19    21207
23    21208
8     21209
26    21210
9     21211
13    21212
24    21213
15    21214
31    21215
2     21216
0     21219
5     21220
16    21221
10    21223
4     21224
33    21225
3     21226
11    21227
35    21228
12    21229
20    21230
17    21231
37    21232
36    21233
29    21234
18    21235
27    21236
30    21237
38    21238
21    21239
34    21240
22    21241
32    21242
Name: kode_wilayah, dtype: int64
2    16201
3    16202
5    16203
4    16204
6    16205
7    16206
0    16207
1    16208
Name: kode_wilayah, dtype: int64
19    21701
15    21702
24    21703
6     21704
33    21705
1     21706
34    21707
11    21708
14    21709
23    21710
0     21712
2     21713
7     21714
13    21715
20    21718
25    21719
5     21720
17    21721
9     21722
4     21723
36    21724
22    21725
3     21726
28    21727
31    21728
35    21729
16    21730
8     21731
10    21732
38    21733
27    21734
12    21735
39    21736
30    21737
37    21738
18    21739
32    21740
26    21741
29    21742
21    21743
Name: kode_wilayah, dtype: int64
1     21410
13    21411
7     21412
26    21413
23    21414
9     21415
17    21416
25    21417
3     21418
8     21419
24    21420
0     21421
15    21422
12    21423
19    21424
6     21425
16    21426
11    21427
2     21428
10    21429
4     21430
22    21431
5     21432
18    21433
14    21434
21    21435
20    21438
Name: kode_wilayah, dtype: int64
0    16301
1    16302
3    16303
4    16304
2    16305
5    16306
8    16307
7    16308
6    16309
9    16310
Name: kode_wilayah, dtype: int64
27    20701
13    20702
9     20703
24    20704
15    20705
26    20706
21    20707
23    20708
20    20709
19    20710
18    20711
3     20712
16    20713
2     20714
7     20715
10    20717
14    20718
1     20719
0     20720
5     20721
8     20722
12    20723
6     20724
11    20725
31    20726
28    20727
30    20728
25    20729
22    20730
4     20731
17    20732
29    20733
Name: kode_wilayah, dtype: int64
4     21801
17    21802
14    21803
24    21804
15    21805
30    21806
25    21807
16    21808
8     21809
6     21810
7     21811
20    21812
1     21813
19    21814
0     21815
5     21816
21    21817
12    21818
3     21819
11    21820
2     21821
22    21822
26    21823
29    21824
10    21825
9     21826
27    21827
23    21828
28    21829
18    21830
13    21831
Name: kode_wilayah, dtype: int64
7     21501
13    21502
22    21503
29    21504
26    21505
14    21506
9     21507
6     21508
5     21509
1     21510
8     21511
11    21512
0     21513
2     21514
10    21515
4     21516
3     21517
15    21518
21    21519
18    21520
20    21521
23    21522
16    21523
24    21524
28    21525
31    21526
30    21527
19    21528
27    21529
12    21530
17    21531
25    21532
Name: kode_wilayah, dtype: int64
24    21901
2     21902
11    21903
16    21904
23    21905
21    21906
0     21907
6     21908
13    21909
9     21910
4     21911
5     21912
12    21913
3     21914
10    21915
14    21916
20    21917
1     21918
7     21919
15    21920
29    21921
8     21922
19    21923
27    21924
17    21925
22    21926
28    21927
18    21928
26    21929
25    21930
Name: kode_wilayah, dtype: int64
16    20801
23    20802
24    20803
7     20804
26    20805
14    20806
17    20807
5     20808
19    20809
8     20810
1     20811
4     20812
2     20813
0     20814
12    20815
6     20816
25    20817
10    20818
11    20819
15    20820
9     20821
13    20822
18    20823
3     20824
29    20825
20    20826
30    20829
27    20830
21    20831
28    20832
22    20833
Name: kode_wilayah, dtype: int64
4     22001
12    22002
6     22003
2     22004
1     22005
3     22006
10    22007
9     22008
8     22009
0     22010
7     22011
16    22012
15    22013
5     22014
13    22015
11    22016
14    22017
Name: kode_wilayah, dtype: int64
<class 'list'>
get kecamatan done in: 3.6751978397369385 seconds
kode_wilayah_kecamatan:  20
OS SYSTEM:    Windows
Num Threads:    4
CHROME PATH:     webdriver\chrome\Windows\v116_0_5845_96\chromedriver.exe
getting kecamatan
<class 'pandas.core.series.Series'>
0
get kecamatan done in: 2.711052417755127 seconds
kode_wilayah_kecamatan:  0
OS SYSTEM:    Windows
Num Threads:    4
CHROME PATH:     webdriver\chrome\Windows\v116_0_5845_96\chromedriver.exe
getting kecamatan
<class 'pandas.core.series.Series'>
504
get kecamatan done in: 8.465179681777954 seconds
kode_wilayah_kecamatan:  504
OS SYSTEM:    Windows
Num Threads:    4
CHROME PATH:     webdriver\chrome\Windows\v116_0_5845_96\chromedriver.exe
getting kecamatan
OS SYSTEM:    Windows
Num Threads:    4
CHROME PATH:     webdriver\chrome\Windows\v116_0_5845_96\chromedriver.exe
getting kecamatan
<class 'list'>
0
OS SYSTEM:    Windows
Num Threads:    4
CHROME PATH:     webdriver\chrome\Windows\v116_0_5845_96\chromedriver.exe
getting kecamatan
<class 'list'>
0
OS SYSTEM:    Windows
Num Threads:    4
CHROME PATH:     webdriver\chrome\Windows\v116_0_5845_96\chromedriver.exe
getting kecamatan
<class 'pandas.core.series.Series'>
0
OS SYSTEM:    Windows
Num Threads:    4
CHROME PATH:     webdriver\chrome\Windows\v116_0_5845_96\chromedriver.exe
getting kecamatan
<class 'pandas.core.series.Series'>
0
OS SYSTEM:    Windows
Num Threads:    4
CHROME PATH:     webdriver\chrome\Windows\v116_0_5845_96\chromedriver.exe
getting kecamatan
<class 'list'>
0
OS SYSTEM:    Windows
Num Threads:    4
CHROME PATH:     webdriver\chrome\Windows\v116_0_5845_96\chromedriver.exe
getting kecamatan
<class 'list'>
0
OS SYSTEM:    Windows
Num Threads:    4
CHROME PATH:     webdriver\chrome\Windows\v116_0_5845_96\chromedriver.exe
getting kecamatan
<class 'list'>
0
